{"meta": {"format": 3, "version": "7.8.0", "timestamp": "2025-11-05T15:47:20.790224", "branch_coverage": false, "show_contexts": false}, "files": {"code/__init__.py": {"executed_lines": [1, 7], "summary": {"covered_lines": 1, "num_statements": 1, "percent_covered": 100.0, "percent_covered_display": "100", "missing_lines": 0, "excluded_lines": 0}, "missing_lines": [], "excluded_lines": [], "functions": {"": {"executed_lines": [1, 7], "summary": {"covered_lines": 1, "num_statements": 1, "percent_covered": 100.0, "percent_covered_display": "100", "missing_lines": 0, "excluded_lines": 0}, "missing_lines": [], "excluded_lines": []}}, "classes": {"": {"executed_lines": [1, 7], "summary": {"covered_lines": 1, "num_statements": 1, "percent_covered": 100.0, "percent_covered_display": "100", "missing_lines": 0, "excluded_lines": 0}, "missing_lines": [], "excluded_lines": []}}}, "code/data_management/__init__.py": {"executed_lines": [1, 7, 8, 9, 10, 11, 13], "summary": {"covered_lines": 6, "num_statements": 6, "percent_covered": 100.0, "percent_covered_display": "100", "missing_lines": 0, "excluded_lines": 0}, "missing_lines": [], "excluded_lines": [], "functions": {"": {"executed_lines": [1, 7, 8, 9, 10, 11, 13], "summary": {"covered_lines": 6, "num_statements": 6, "percent_covered": 100.0, "percent_covered_display": "100", "missing_lines": 0, "excluded_lines": 0}, "missing_lines": [], "excluded_lines": []}}, "classes": {"": {"executed_lines": [1, 7, 8, 9, 10, 11, 13], "summary": {"covered_lines": 6, "num_statements": 6, "percent_covered": 100.0, "percent_covered_display": "100", "missing_lines": 0, "excluded_lines": 0}, "missing_lines": [], "excluded_lines": []}}}, "code/data_management/artifact_manager.py": {"executed_lines": [1, 7, 8, 9, 10, 11, 12, 13, 15, 18, 19, 29, 41, 42, 43, 48, 76, 116, 151, 181, 198, 200, 201, 204, 205, 206, 209, 210, 211, 212, 220, 221, 222, 225, 226, 227, 236, 237, 240, 241, 242, 245, 251, 252, 258, 260, 296, 298, 315, 334], "summary": {"covered_lines": 48, "num_statements": 104, "percent_covered": 46.15384615384615, "percent_covered_display": "46", "missing_lines": 56, "excluded_lines": 0}, "missing_lines": [55, 56, 57, 59, 60, 66, 68, 69, 70, 72, 73, 74, 91, 92, 93, 95, 96, 97, 99, 100, 101, 107, 109, 110, 112, 113, 114, 131, 132, 133, 135, 136, 142, 144, 145, 147, 148, 149, 161, 162, 163, 165, 166, 170, 172, 173, 174, 175, 177, 178, 179, 232, 233, 254, 255, 256], "excluded_lines": [], "functions": {"ArtifactManager.__init__": {"executed_lines": [41, 42, 43], "summary": {"covered_lines": 3, "num_statements": 3, "percent_covered": 100.0, "percent_covered_display": "100", "missing_lines": 0, "excluded_lines": 0}, "missing_lines": [], "excluded_lines": []}, "ArtifactManager.create_deposition": {"executed_lines": [], "summary": {"covered_lines": 0, "num_statements": 12, "percent_covered": 0.0, "percent_covered_display": "0", "missing_lines": 12, "excluded_lines": 0}, "missing_lines": [55, 56, 57, 59, 60, 66, 68, 69, 70, 72, 73, 74], "excluded_lines": []}, "ArtifactManager.upload_file": {"executed_lines": [], "summary": {"covered_lines": 0, "num_statements": 15, "percent_covered": 0.0, "percent_covered_display": "0", "missing_lines": 15, "excluded_lines": 0}, "missing_lines": [91, 92, 93, 95, 96, 97, 99, 100, 101, 107, 109, 110, 112, 113, 114], "excluded_lines": []}, "ArtifactManager.add_metadata": {"executed_lines": [], "summary": {"covered_lines": 0, "num_statements": 11, "percent_covered": 0.0, "percent_covered_display": "0", "missing_lines": 11, "excluded_lines": 0}, "missing_lines": [131, 132, 133, 135, 136, 142, 144, 145, 147, 148, 149], "excluded_lines": []}, "ArtifactManager.publish": {"executed_lines": [], "summary": {"covered_lines": 0, "num_statements": 13, "percent_covered": 0.0, "percent_covered_display": "0", "missing_lines": 13, "excluded_lines": 0}, "missing_lines": [161, 162, 163, 165, 166, 170, 172, 173, 174, 175, 177, 178, 179], "excluded_lines": []}, "ArtifactManager.create_reproducibility_package": {"executed_lines": [198, 200, 201, 204, 205, 206, 209, 210, 211, 212, 220, 221, 222, 225, 226, 227, 236, 237, 240, 241, 242, 245, 251, 252], "summary": {"covered_lines": 24, "num_statements": 29, "percent_covered": 82.75862068965517, "percent_covered_display": "83", "missing_lines": 5, "excluded_lines": 0}, "missing_lines": [232, 233, 254, 255, 256], "excluded_lines": []}, "ArtifactManager._generate_readme": {"executed_lines": [260], "summary": {"covered_lines": 1, "num_statements": 1, "percent_covered": 100.0, "percent_covered_display": "100", "missing_lines": 0, "excluded_lines": 0}, "missing_lines": [], "excluded_lines": []}, "ArtifactManager._generate_manifest": {"executed_lines": [298], "summary": {"covered_lines": 1, "num_statements": 1, "percent_covered": 100.0, "percent_covered_display": "100", "missing_lines": 0, "excluded_lines": 0}, "missing_lines": [], "excluded_lines": []}, "ArtifactManager.create_metadata_template": {"executed_lines": [334], "summary": {"covered_lines": 1, "num_statements": 1, "percent_covered": 100.0, "percent_covered_display": "100", "missing_lines": 0, "excluded_lines": 0}, "missing_lines": [], "excluded_lines": []}, "": {"executed_lines": [1, 7, 8, 9, 10, 11, 12, 13, 15, 18, 19, 29, 48, 76, 116, 151, 181, 258, 296, 315], "summary": {"covered_lines": 18, "num_statements": 18, "percent_covered": 100.0, "percent_covered_display": "100", "missing_lines": 0, "excluded_lines": 0}, "missing_lines": [], "excluded_lines": []}}, "classes": {"ArtifactManager": {"executed_lines": [41, 42, 43, 198, 200, 201, 204, 205, 206, 209, 210, 211, 212, 220, 221, 222, 225, 226, 227, 236, 237, 240, 241, 242, 245, 251, 252, 260, 298, 334], "summary": {"covered_lines": 30, "num_statements": 86, "percent_covered": 34.883720930232556, "percent_covered_display": "35", "missing_lines": 56, "excluded_lines": 0}, "missing_lines": [55, 56, 57, 59, 60, 66, 68, 69, 70, 72, 73, 74, 91, 92, 93, 95, 96, 97, 99, 100, 101, 107, 109, 110, 112, 113, 114, 131, 132, 133, 135, 136, 142, 144, 145, 147, 148, 149, 161, 162, 163, 165, 166, 170, 172, 173, 174, 175, 177, 178, 179, 232, 233, 254, 255, 256], "excluded_lines": []}, "": {"executed_lines": [1, 7, 8, 9, 10, 11, 12, 13, 15, 18, 19, 29, 48, 76, 116, 151, 181, 258, 296, 315], "summary": {"covered_lines": 18, "num_statements": 18, "percent_covered": 100.0, "percent_covered_display": "100", "missing_lines": 0, "excluded_lines": 0}, "missing_lines": [], "excluded_lines": []}}}, "code/data_management/auto_tracking.py": {"executed_lines": [1, 7, 8, 9, 11, 14, 15, 21, 37, 38, 39, 40, 42, 109, 128, 132, 133, 140, 141, 147, 196, 218, 236, 237, 238, 240, 241, 242, 244], "summary": {"covered_lines": 27, "num_statements": 73, "percent_covered": 36.986301369863014, "percent_covered_display": "37", "missing_lines": 46, "excluded_lines": 0}, "missing_lines": [63, 65, 66, 67, 70, 72, 73, 75, 76, 78, 79, 80, 87, 91, 93, 94, 95, 103, 105, 106, 107, 129, 130, 143, 144, 145, 166, 169, 170, 171, 176, 177, 178, 179, 182, 183, 184, 189, 190, 191, 192, 194, 211, 212, 213, 215], "excluded_lines": [], "functions": {"AutoTracker.__init__": {"executed_lines": [37, 38, 39, 40], "summary": {"covered_lines": 4, "num_statements": 4, "percent_covered": 100.0, "percent_covered_display": "100", "missing_lines": 0, "excluded_lines": 0}, "missing_lines": [], "excluded_lines": []}, "AutoTracker.track_data_file": {"executed_lines": [], "summary": {"covered_lines": 0, "num_statements": 21, "percent_covered": 0.0, "percent_covered_display": "0", "missing_lines": 21, "excluded_lines": 0}, "missing_lines": [63, 65, 66, 67, 70, 72, 73, 75, 76, 78, 79, 80, 87, 91, 93, 94, 95, 103, 105, 106, 107], "excluded_lines": []}, "AutoTracker.track_experiment_results": {"executed_lines": [128, 132, 133, 140, 141], "summary": {"covered_lines": 5, "num_statements": 10, "percent_covered": 50.0, "percent_covered_display": "50", "missing_lines": 5, "excluded_lines": 0}, "missing_lines": [129, 130, 143, 144, 145], "excluded_lines": []}, "AutoTracker.track_phase_completion": {"executed_lines": [], "summary": {"covered_lines": 0, "num_statements": 16, "percent_covered": 0.0, "percent_covered_display": "0", "missing_lines": 16, "excluded_lines": 0}, "missing_lines": [166, 169, 170, 171, 176, 177, 178, 179, 182, 183, 184, 189, 190, 191, 192, 194], "excluded_lines": []}, "AutoTracker.scan_and_track_large_files": {"executed_lines": [], "summary": {"covered_lines": 0, "num_statements": 4, "percent_covered": 0.0, "percent_covered_display": "0", "missing_lines": 4, "excluded_lines": 0}, "missing_lines": [211, 212, 213, 215], "excluded_lines": []}, "create_auto_tracker": {"executed_lines": [236, 237, 238, 240, 241, 242, 244], "summary": {"covered_lines": 7, "num_statements": 7, "percent_covered": 100.0, "percent_covered_display": "100", "missing_lines": 0, "excluded_lines": 0}, "missing_lines": [], "excluded_lines": []}, "": {"executed_lines": [1, 7, 8, 9, 11, 14, 15, 21, 42, 109, 147, 196, 218], "summary": {"covered_lines": 11, "num_statements": 11, "percent_covered": 100.0, "percent_covered_display": "100", "missing_lines": 0, "excluded_lines": 0}, "missing_lines": [], "excluded_lines": []}}, "classes": {"AutoTracker": {"executed_lines": [37, 38, 39, 40, 128, 132, 133, 140, 141], "summary": {"covered_lines": 9, "num_statements": 55, "percent_covered": 16.363636363636363, "percent_covered_display": "16", "missing_lines": 46, "excluded_lines": 0}, "missing_lines": [63, 65, 66, 67, 70, 72, 73, 75, 76, 78, 79, 80, 87, 91, 93, 94, 95, 103, 105, 106, 107, 129, 130, 143, 144, 145, 166, 169, 170, 171, 176, 177, 178, 179, 182, 183, 184, 189, 190, 191, 192, 194, 211, 212, 213, 215], "excluded_lines": []}, "": {"executed_lines": [1, 7, 8, 9, 11, 14, 15, 21, 42, 109, 147, 196, 218, 236, 237, 238, 240, 241, 242, 244], "summary": {"covered_lines": 18, "num_statements": 18, "percent_covered": 100.0, "percent_covered_display": "100", "missing_lines": 0, "excluded_lines": 0}, "missing_lines": [], "excluded_lines": []}}}, "code/data_management/dvc_manager.py": {"executed_lines": [1, 7, 8, 9, 10, 11, 13, 16, 17, 28, 35, 36, 38, 40, 42, 52, 53, 54, 56, 57, 58, 59, 61, 68, 69, 70, 75, 76, 77, 79, 96, 97, 98, 99, 100, 102, 109, 110, 111, 113, 114, 120, 130, 132, 133, 134, 136, 137, 144, 145, 147, 151, 160, 170, 172, 182, 183, 184, 185, 187, 194, 195, 196, 205, 215, 216, 217, 220, 227, 228, 229, 238, 248, 249, 250, 251, 253, 260, 270, 277, 279, 289, 291, 292, 294, 295, 296, 297, 302], "summary": {"covered_lines": 87, "num_statements": 133, "percent_covered": 65.41353383458646, "percent_covered_display": "65", "missing_lines": 46, "excluded_lines": 0}, "missing_lines": [72, 73, 116, 117, 118, 153, 154, 156, 157, 158, 198, 199, 201, 202, 203, 218, 231, 232, 234, 235, 236, 266, 267, 268, 298, 299, 300, 317, 318, 320, 322, 323, 324, 326, 327, 328, 331, 332, 333, 336, 337, 338, 343, 344, 345, 347], "excluded_lines": [], "functions": {"DVCManager.__init__": {"executed_lines": [35, 36], "summary": {"covered_lines": 2, "num_statements": 2, "percent_covered": 100.0, "percent_covered_display": "100", "missing_lines": 0, "excluded_lines": 0}, "missing_lines": [], "excluded_lines": []}, "DVCManager.is_initialized": {"executed_lines": [40], "summary": {"covered_lines": 1, "num_statements": 1, "percent_covered": 100.0, "percent_covered_display": "100", "missing_lines": 0, "excluded_lines": 0}, "missing_lines": [], "excluded_lines": []}, "DVCManager.initialize": {"executed_lines": [52, 53, 54, 56, 57, 58, 59, 61, 68, 69, 70, 75, 76, 77], "summary": {"covered_lines": 14, "num_statements": 16, "percent_covered": 87.5, "percent_covered_display": "88", "missing_lines": 2, "excluded_lines": 0}, "missing_lines": [72, 73], "excluded_lines": []}, "DVCManager.add_remote": {"executed_lines": [96, 97, 98, 99, 100, 102, 109, 110, 111, 113, 114], "summary": {"covered_lines": 11, "num_statements": 14, "percent_covered": 78.57142857142857, "percent_covered_display": "79", "missing_lines": 3, "excluded_lines": 0}, "missing_lines": [116, 117, 118], "excluded_lines": []}, "DVCManager.track_file": {"executed_lines": [130, 132, 133, 134, 136, 137, 144, 145, 147, 151], "summary": {"covered_lines": 10, "num_statements": 15, "percent_covered": 66.66666666666667, "percent_covered_display": "67", "missing_lines": 5, "excluded_lines": 0}, "missing_lines": [153, 154, 156, 157, 158], "excluded_lines": []}, "DVCManager.track_directory": {"executed_lines": [170], "summary": {"covered_lines": 1, "num_statements": 1, "percent_covered": 100.0, "percent_covered_display": "100", "missing_lines": 0, "excluded_lines": 0}, "missing_lines": [], "excluded_lines": []}, "DVCManager.push": {"executed_lines": [182, 183, 184, 185, 187, 194, 195, 196], "summary": {"covered_lines": 8, "num_statements": 13, "percent_covered": 61.53846153846154, "percent_covered_display": "62", "missing_lines": 5, "excluded_lines": 0}, "missing_lines": [198, 199, 201, 202, 203], "excluded_lines": []}, "DVCManager.pull": {"executed_lines": [215, 216, 217, 220, 227, 228, 229], "summary": {"covered_lines": 7, "num_statements": 13, "percent_covered": 53.84615384615385, "percent_covered_display": "54", "missing_lines": 6, "excluded_lines": 0}, "missing_lines": [218, 231, 232, 234, 235, 236], "excluded_lines": []}, "DVCManager.status": {"executed_lines": [248, 249, 250, 251, 253, 260], "summary": {"covered_lines": 6, "num_statements": 9, "percent_covered": 66.66666666666667, "percent_covered_display": "67", "missing_lines": 3, "excluded_lines": 0}, "missing_lines": [266, 267, 268], "excluded_lines": []}, "DVCManager.list_tracked_files": {"executed_lines": [277], "summary": {"covered_lines": 1, "num_statements": 1, "percent_covered": 100.0, "percent_covered_display": "100", "missing_lines": 0, "excluded_lines": 0}, "missing_lines": [], "excluded_lines": []}, "DVCManager.get_file_info": {"executed_lines": [289, 291, 292, 294, 295, 296, 297], "summary": {"covered_lines": 7, "num_statements": 10, "percent_covered": 70.0, "percent_covered_display": "70", "missing_lines": 3, "excluded_lines": 0}, "missing_lines": [298, 299, 300], "excluded_lines": []}, "DVCManager.auto_track_large_files": {"executed_lines": [], "summary": {"covered_lines": 0, "num_statements": 19, "percent_covered": 0.0, "percent_covered_display": "0", "missing_lines": 19, "excluded_lines": 0}, "missing_lines": [317, 318, 320, 322, 323, 324, 326, 327, 328, 331, 332, 333, 336, 337, 338, 343, 344, 345, 347], "excluded_lines": []}, "": {"executed_lines": [1, 7, 8, 9, 10, 11, 13, 16, 17, 28, 38, 42, 79, 120, 160, 172, 205, 238, 270, 279, 302], "summary": {"covered_lines": 19, "num_statements": 19, "percent_covered": 100.0, "percent_covered_display": "100", "missing_lines": 0, "excluded_lines": 0}, "missing_lines": [], "excluded_lines": []}}, "classes": {"DVCManager": {"executed_lines": [35, 36, 40, 52, 53, 54, 56, 57, 58, 59, 61, 68, 69, 70, 75, 76, 77, 96, 97, 98, 99, 100, 102, 109, 110, 111, 113, 114, 130, 132, 133, 134, 136, 137, 144, 145, 147, 151, 170, 182, 183, 184, 185, 187, 194, 195, 196, 215, 216, 217, 220, 227, 228, 229, 248, 249, 250, 251, 253, 260, 277, 289, 291, 292, 294, 295, 296, 297], "summary": {"covered_lines": 68, "num_statements": 114, "percent_covered": 59.64912280701754, "percent_covered_display": "60", "missing_lines": 46, "excluded_lines": 0}, "missing_lines": [72, 73, 116, 117, 118, 153, 154, 156, 157, 158, 198, 199, 201, 202, 203, 218, 231, 232, 234, 235, 236, 266, 267, 268, 298, 299, 300, 317, 318, 320, 322, 323, 324, 326, 327, 328, 331, 332, 333, 336, 337, 338, 343, 344, 345, 347], "excluded_lines": []}, "": {"executed_lines": [1, 7, 8, 9, 10, 11, 13, 16, 17, 28, 38, 42, 79, 120, 160, 172, 205, 238, 270, 279, 302], "summary": {"covered_lines": 19, "num_statements": 19, "percent_covered": 100.0, "percent_covered_display": "100", "missing_lines": 0, "excluded_lines": 0}, "missing_lines": [], "excluded_lines": []}}}, "code/data_management/git_workflows.py": {"executed_lines": [1, 7, 8, 9, 10, 12, 15, 16, 26, 33, 35, 45, 47, 48, 55, 56, 57, 59, 60, 66, 87, 89, 90, 91, 96, 102, 103, 104, 107, 114, 115, 116, 125, 142, 143, 145, 146, 153, 154, 155, 157, 158, 164, 166, 167, 174, 175, 176, 182, 184, 185, 192, 193, 200, 202, 203, 210, 211], "summary": {"covered_lines": 56, "num_statements": 78, "percent_covered": 71.7948717948718, "percent_covered_display": "72", "missing_lines": 22, "excluded_lines": 0}, "missing_lines": [62, 63, 64, 118, 119, 121, 122, 123, 160, 161, 162, 178, 179, 180, 194, 196, 197, 198, 212, 214, 215, 216], "excluded_lines": [], "functions": {"GitWorkflowManager.__init__": {"executed_lines": [33], "summary": {"covered_lines": 1, "num_statements": 1, "percent_covered": 100.0, "percent_covered_display": "100", "missing_lines": 0, "excluded_lines": 0}, "missing_lines": [], "excluded_lines": []}, "GitWorkflowManager.create_phase_branch": {"executed_lines": [45, 47, 48, 55, 56, 57, 59, 60], "summary": {"covered_lines": 8, "num_statements": 11, "percent_covered": 72.72727272727273, "percent_covered_display": "73", "missing_lines": 3, "excluded_lines": 0}, "missing_lines": [62, 63, 64], "excluded_lines": []}, "GitWorkflowManager.commit_with_convention": {"executed_lines": [87, 89, 90, 91, 96, 102, 103, 104, 107, 114, 115, 116], "summary": {"covered_lines": 12, "num_statements": 17, "percent_covered": 70.58823529411765, "percent_covered_display": "71", "missing_lines": 5, "excluded_lines": 0}, "missing_lines": [118, 119, 121, 122, 123], "excluded_lines": []}, "GitWorkflowManager.tag_phase_completion": {"executed_lines": [142, 143, 145, 146, 153, 154, 155, 157, 158], "summary": {"covered_lines": 9, "num_statements": 12, "percent_covered": 75.0, "percent_covered_display": "75", "missing_lines": 3, "excluded_lines": 0}, "missing_lines": [160, 161, 162], "excluded_lines": []}, "GitWorkflowManager.get_current_branch": {"executed_lines": [166, 167, 174, 175, 176], "summary": {"covered_lines": 5, "num_statements": 8, "percent_covered": 62.5, "percent_covered_display": "62", "missing_lines": 3, "excluded_lines": 0}, "missing_lines": [178, 179, 180], "excluded_lines": []}, "GitWorkflowManager.get_tags": {"executed_lines": [184, 185, 192, 193], "summary": {"covered_lines": 4, "num_statements": 8, "percent_covered": 50.0, "percent_covered_display": "50", "missing_lines": 4, "excluded_lines": 0}, "missing_lines": [194, 196, 197, 198], "excluded_lines": []}, "GitWorkflowManager.get_commit_history": {"executed_lines": [202, 203, 210, 211], "summary": {"covered_lines": 4, "num_statements": 8, "percent_covered": 50.0, "percent_covered_display": "50", "missing_lines": 4, "excluded_lines": 0}, "missing_lines": [212, 214, 215, 216], "excluded_lines": []}, "": {"executed_lines": [1, 7, 8, 9, 10, 12, 15, 16, 26, 35, 66, 125, 164, 182, 200], "summary": {"covered_lines": 13, "num_statements": 13, "percent_covered": 100.0, "percent_covered_display": "100", "missing_lines": 0, "excluded_lines": 0}, "missing_lines": [], "excluded_lines": []}}, "classes": {"GitWorkflowManager": {"executed_lines": [33, 45, 47, 48, 55, 56, 57, 59, 60, 87, 89, 90, 91, 96, 102, 103, 104, 107, 114, 115, 116, 142, 143, 145, 146, 153, 154, 155, 157, 158, 166, 167, 174, 175, 176, 184, 185, 192, 193, 202, 203, 210, 211], "summary": {"covered_lines": 43, "num_statements": 65, "percent_covered": 66.15384615384616, "percent_covered_display": "66", "missing_lines": 22, "excluded_lines": 0}, "missing_lines": [62, 63, 64, 118, 119, 121, 122, 123, 160, 161, 162, 178, 179, 180, 194, 196, 197, 198, 212, 214, 215, 216], "excluded_lines": []}, "": {"executed_lines": [1, 7, 8, 9, 10, 12, 15, 16, 26, 35, 66, 125, 164, 182, 200], "summary": {"covered_lines": 13, "num_statements": 13, "percent_covered": 100.0, "percent_covered_display": "100", "missing_lines": 0, "excluded_lines": 0}, "missing_lines": [], "excluded_lines": []}}}, "code/data_management/mlflow_manager.py": {"executed_lines": [1, 7, 8, 9, 10, 11, 12, 14, 17, 18, 29, 41, 42, 43, 45, 47, 49, 50, 51, 53, 63, 64, 66, 67, 69, 84, 86, 88, 89, 91, 93, 94, 96, 106, 110, 120, 141, 143, 146, 149, 153, 155, 160, 186, 188, 190, 200, 202, 203, 204, 212, 217, 242, 276, 304, 331, 341, 342, 344, 345, 347, 350, 351, 355, 357, 358, 361, 364, 365, 369, 370, 371, 373, 375, 376], "summary": {"covered_lines": 73, "num_statements": 118, "percent_covered": 61.86440677966102, "percent_covered_display": "62", "missing_lines": 45, "excluded_lines": 0}, "missing_lines": [104, 108, 118, 150, 151, 157, 158, 177, 179, 232, 233, 238, 239, 240, 258, 260, 261, 264, 267, 268, 271, 272, 274, 283, 285, 286, 288, 289, 290, 298, 300, 301, 302, 311, 313, 314, 316, 317, 322, 323, 324, 325, 327, 328, 353], "excluded_lines": [], "functions": {"MLflowManager.__init__": {"executed_lines": [41, 42, 43, 45], "summary": {"covered_lines": 4, "num_statements": 4, "percent_covered": 100.0, "percent_covered_display": "100", "missing_lines": 0, "excluded_lines": 0}, "missing_lines": [], "excluded_lines": []}, "MLflowManager._setup": {"executed_lines": [49, 50, 51], "summary": {"covered_lines": 3, "num_statements": 3, "percent_covered": 100.0, "percent_covered_display": "100", "missing_lines": 0, "excluded_lines": 0}, "missing_lines": [], "excluded_lines": []}, "MLflowManager.set_experiment": {"executed_lines": [63, 64, 66, 67], "summary": {"covered_lines": 4, "num_statements": 4, "percent_covered": 100.0, "percent_covered_display": "100", "missing_lines": 0, "excluded_lines": 0}, "missing_lines": [], "excluded_lines": []}, "MLflowManager.start_run": {"executed_lines": [84], "summary": {"covered_lines": 1, "num_statements": 1, "percent_covered": 100.0, "percent_covered_display": "100", "missing_lines": 0, "excluded_lines": 0}, "missing_lines": [], "excluded_lines": []}, "MLflowManager.log_params": {"executed_lines": [88, 89], "summary": {"covered_lines": 2, "num_statements": 2, "percent_covered": 100.0, "percent_covered_display": "100", "missing_lines": 0, "excluded_lines": 0}, "missing_lines": [], "excluded_lines": []}, "MLflowManager.log_metrics": {"executed_lines": [93, 94], "summary": {"covered_lines": 2, "num_statements": 2, "percent_covered": 100.0, "percent_covered_display": "100", "missing_lines": 0, "excluded_lines": 0}, "missing_lines": [], "excluded_lines": []}, "MLflowManager.log_artifact": {"executed_lines": [], "summary": {"covered_lines": 0, "num_statements": 1, "percent_covered": 0.0, "percent_covered_display": "0", "missing_lines": 1, "excluded_lines": 0}, "missing_lines": [104], "excluded_lines": []}, "MLflowManager.log_dict": {"executed_lines": [], "summary": {"covered_lines": 0, "num_statements": 1, "percent_covered": 0.0, "percent_covered_display": "0", "missing_lines": 1, "excluded_lines": 0}, "missing_lines": [108], "excluded_lines": []}, "MLflowManager.log_figure": {"executed_lines": [], "summary": {"covered_lines": 0, "num_statements": 1, "percent_covered": 0.0, "percent_covered_display": "0", "missing_lines": 1, "excluded_lines": 0}, "missing_lines": [118], "excluded_lines": []}, "MLflowManager.create_experiment_run": {"executed_lines": [141, 143, 146, 149, 153], "summary": {"covered_lines": 5, "num_statements": 7, "percent_covered": 71.42857142857143, "percent_covered_display": "71", "missing_lines": 2, "excluded_lines": 0}, "missing_lines": [150, 151], "excluded_lines": []}, "MLflowManager.get_experiment": {"executed_lines": [], "summary": {"covered_lines": 0, "num_statements": 2, "percent_covered": 0.0, "percent_covered_display": "0", "missing_lines": 2, "excluded_lines": 0}, "missing_lines": [157, 158], "excluded_lines": []}, "MLflowManager.search_runs": {"executed_lines": [], "summary": {"covered_lines": 0, "num_statements": 2, "percent_covered": 0.0, "percent_covered_display": "0", "missing_lines": 2, "excluded_lines": 0}, "missing_lines": [177, 179], "excluded_lines": []}, "MLflowManager.get_run": {"executed_lines": [188], "summary": {"covered_lines": 1, "num_statements": 1, "percent_covered": 100.0, "percent_covered_display": "100", "missing_lines": 0, "excluded_lines": 0}, "missing_lines": [], "excluded_lines": []}, "MLflowManager.compare_runs": {"executed_lines": [200, 202, 203, 204, 212], "summary": {"covered_lines": 5, "num_statements": 5, "percent_covered": 100.0, "percent_covered_display": "100", "missing_lines": 0, "excluded_lines": 0}, "missing_lines": [], "excluded_lines": []}, "MLflowManager.get_best_run": {"executed_lines": [], "summary": {"covered_lines": 0, "num_statements": 5, "percent_covered": 0.0, "percent_covered_display": "0", "missing_lines": 5, "excluded_lines": 0}, "missing_lines": [232, 233, 238, 239, 240], "excluded_lines": []}, "MLflowManager.log_research_phase": {"executed_lines": [], "summary": {"covered_lines": 0, "num_statements": 9, "percent_covered": 0.0, "percent_covered_display": "0", "missing_lines": 9, "excluded_lines": 0}, "missing_lines": [258, 260, 261, 264, 267, 268, 271, 272, 274], "excluded_lines": []}, "MLflowManager.export_experiments": {"executed_lines": [], "summary": {"covered_lines": 0, "num_statements": 10, "percent_covered": 0.0, "percent_covered_display": "0", "missing_lines": 10, "excluded_lines": 0}, "missing_lines": [283, 285, 286, 288, 289, 290, 298, 300, 301, 302], "excluded_lines": []}, "MLflowManager.cleanup_old_runs": {"executed_lines": [], "summary": {"covered_lines": 0, "num_statements": 11, "percent_covered": 0.0, "percent_covered_display": "0", "missing_lines": 11, "excluded_lines": 0}, "missing_lines": [311, 313, 314, 316, 317, 322, 323, 324, 325, 327, 328], "excluded_lines": []}, "track_experiment": {"executed_lines": [341, 376], "summary": {"covered_lines": 2, "num_statements": 2, "percent_covered": 100.0, "percent_covered_display": "100", "missing_lines": 0, "excluded_lines": 0}, "missing_lines": [], "excluded_lines": []}, "track_experiment.decorator": {"executed_lines": [342, 344, 345, 375], "summary": {"covered_lines": 4, "num_statements": 4, "percent_covered": 100.0, "percent_covered_display": "100", "missing_lines": 0, "excluded_lines": 0}, "missing_lines": [], "excluded_lines": []}, "track_experiment.decorator.wrapper": {"executed_lines": [347, 350, 351, 355, 357, 358, 361, 364, 365, 369, 370, 371, 373], "summary": {"covered_lines": 13, "num_statements": 14, "percent_covered": 92.85714285714286, "percent_covered_display": "93", "missing_lines": 1, "excluded_lines": 0}, "missing_lines": [353], "excluded_lines": []}, "": {"executed_lines": [1, 7, 8, 9, 10, 11, 12, 14, 17, 18, 29, 47, 53, 69, 86, 91, 96, 106, 110, 120, 155, 160, 186, 190, 217, 242, 276, 304, 331], "summary": {"covered_lines": 27, "num_statements": 27, "percent_covered": 100.0, "percent_covered_display": "100", "missing_lines": 0, "excluded_lines": 0}, "missing_lines": [], "excluded_lines": []}}, "classes": {"MLflowManager": {"executed_lines": [41, 42, 43, 45, 49, 50, 51, 63, 64, 66, 67, 84, 88, 89, 93, 94, 141, 143, 146, 149, 153, 188, 200, 202, 203, 204, 212], "summary": {"covered_lines": 27, "num_statements": 71, "percent_covered": 38.028169014084504, "percent_covered_display": "38", "missing_lines": 44, "excluded_lines": 0}, "missing_lines": [104, 108, 118, 150, 151, 157, 158, 177, 179, 232, 233, 238, 239, 240, 258, 260, 261, 264, 267, 268, 271, 272, 274, 283, 285, 286, 288, 289, 290, 298, 300, 301, 302, 311, 313, 314, 316, 317, 322, 323, 324, 325, 327, 328], "excluded_lines": []}, "": {"executed_lines": [1, 7, 8, 9, 10, 11, 12, 14, 17, 18, 29, 47, 53, 69, 86, 91, 96, 106, 110, 120, 155, 160, 186, 190, 217, 242, 276, 304, 331, 341, 342, 344, 345, 347, 350, 351, 355, 357, 358, 361, 364, 365, 369, 370, 371, 373, 375, 376], "summary": {"covered_lines": 46, "num_statements": 47, "percent_covered": 97.87234042553192, "percent_covered_display": "98", "missing_lines": 1, "excluded_lines": 0}, "missing_lines": [353], "excluded_lines": []}}}, "code/orchestrator.py": {"executed_lines": [1, 8, 9, 10, 11, 13, 15, 16, 17, 19, 22, 23, 34, 42, 56, 63, 64, 66, 68, 69, 70, 71, 73, 75, 77, 87, 88, 89, 92, 94, 104, 105, 106, 109, 110, 116, 123, 126, 128, 130, 140, 141, 143, 146, 147, 148, 149, 157, 159, 161, 162, 182, 192, 195, 197, 198, 199, 232, 239, 254, 256, 258, 259, 260, 262, 277, 295, 297, 304, 307], "summary": {"covered_lines": 68, "num_statements": 93, "percent_covered": 73.11827956989248, "percent_covered_display": "73", "missing_lines": 25, "excluded_lines": 0}, "missing_lines": [172, 174, 208, 209, 212, 214, 215, 216, 218, 225, 226, 309, 310, 313, 320, 321, 322, 323, 326, 327, 328, 331, 332, 333, 334], "excluded_lines": [], "functions": {"WorkflowOrchestrator.__init__": {"executed_lines": [63, 64], "summary": {"covered_lines": 2, "num_statements": 2, "percent_covered": 100.0, "percent_covered_display": "100", "missing_lines": 0, "excluded_lines": 0}, "missing_lines": [], "excluded_lines": []}, "WorkflowOrchestrator.get_validator": {"executed_lines": [68, 69, 70, 71], "summary": {"covered_lines": 4, "num_statements": 4, "percent_covered": 100.0, "percent_covered_display": "100", "missing_lines": 0, "excluded_lines": 0}, "missing_lines": [], "excluded_lines": []}, "WorkflowOrchestrator.get_agent": {"executed_lines": [75], "summary": {"covered_lines": 1, "num_statements": 1, "percent_covered": 100.0, "percent_covered_display": "100", "missing_lines": 0, "excluded_lines": 0}, "missing_lines": [], "excluded_lines": []}, "WorkflowOrchestrator.validate_entry": {"executed_lines": [87, 88, 89, 92], "summary": {"covered_lines": 4, "num_statements": 4, "percent_covered": 100.0, "percent_covered_display": "100", "missing_lines": 0, "excluded_lines": 0}, "missing_lines": [], "excluded_lines": []}, "WorkflowOrchestrator.validate_exit": {"executed_lines": [104, 105, 106, 109, 110], "summary": {"covered_lines": 5, "num_statements": 5, "percent_covered": 100.0, "percent_covered_display": "100", "missing_lines": 0, "excluded_lines": 0}, "missing_lines": [], "excluded_lines": []}, "WorkflowOrchestrator.can_progress": {"executed_lines": [123, 126, 128], "summary": {"covered_lines": 3, "num_statements": 3, "percent_covered": 100.0, "percent_covered_display": "100", "missing_lines": 0, "excluded_lines": 0}, "missing_lines": [], "excluded_lines": []}, "WorkflowOrchestrator.execute_phase": {"executed_lines": [140, 141, 143, 146, 147, 148, 149, 157, 159, 161, 162], "summary": {"covered_lines": 11, "num_statements": 13, "percent_covered": 84.61538461538461, "percent_covered_display": "85", "missing_lines": 2, "excluded_lines": 0}, "missing_lines": [172, 174], "excluded_lines": []}, "WorkflowOrchestrator.advance_workflow": {"executed_lines": [192, 195, 197, 198, 199], "summary": {"covered_lines": 5, "num_statements": 14, "percent_covered": 35.714285714285715, "percent_covered_display": "36", "missing_lines": 9, "excluded_lines": 0}, "missing_lines": [208, 209, 212, 214, 215, 216, 218, 225, 226], "excluded_lines": []}, "WorkflowOrchestrator._get_phase_outputs": {"executed_lines": [239, 254], "summary": {"covered_lines": 2, "num_statements": 2, "percent_covered": 100.0, "percent_covered_display": "100", "missing_lines": 0, "excluded_lines": 0}, "missing_lines": [], "excluded_lines": []}, "WorkflowOrchestrator.get_workflow_status": {"executed_lines": [258, 259, 260, 262], "summary": {"covered_lines": 4, "num_statements": 4, "percent_covered": 100.0, "percent_covered_display": "100", "missing_lines": 0, "excluded_lines": 0}, "missing_lines": [], "excluded_lines": []}, "create_orchestrator": {"executed_lines": [295, 297, 304], "summary": {"covered_lines": 3, "num_statements": 3, "percent_covered": 100.0, "percent_covered_display": "100", "missing_lines": 0, "excluded_lines": 0}, "missing_lines": [], "excluded_lines": []}, "": {"executed_lines": [1, 8, 9, 10, 11, 13, 15, 16, 17, 19, 22, 23, 34, 42, 56, 66, 73, 77, 94, 116, 130, 182, 232, 256, 277, 307], "summary": {"covered_lines": 24, "num_statements": 38, "percent_covered": 63.1578947368421, "percent_covered_display": "63", "missing_lines": 14, "excluded_lines": 0}, "missing_lines": [309, 310, 313, 320, 321, 322, 323, 326, 327, 328, 331, 332, 333, 334], "excluded_lines": []}}, "classes": {"WorkflowOrchestrator": {"executed_lines": [63, 64, 68, 69, 70, 71, 75, 87, 88, 89, 92, 104, 105, 106, 109, 110, 123, 126, 128, 140, 141, 143, 146, 147, 148, 149, 157, 159, 161, 162, 192, 195, 197, 198, 199, 239, 254, 258, 259, 260, 262], "summary": {"covered_lines": 41, "num_statements": 52, "percent_covered": 78.84615384615384, "percent_covered_display": "79", "missing_lines": 11, "excluded_lines": 0}, "missing_lines": [172, 174, 208, 209, 212, 214, 215, 216, 218, 225, 226], "excluded_lines": []}, "": {"executed_lines": [1, 8, 9, 10, 11, 13, 15, 16, 17, 19, 22, 23, 34, 42, 56, 66, 73, 77, 94, 116, 130, 182, 232, 256, 277, 295, 297, 304, 307], "summary": {"covered_lines": 27, "num_statements": 41, "percent_covered": 65.85365853658537, "percent_covered_display": "66", "missing_lines": 14, "excluded_lines": 0}, "missing_lines": [309, 310, 313, 320, 321, 322, 323, 326, 327, 328, 331, 332, 333, 334], "excluded_lines": []}}}, "code/quality_assurance/__init__.py": {"executed_lines": [1, 7, 8, 9, 10, 11, 13], "summary": {"covered_lines": 6, "num_statements": 6, "percent_covered": 100.0, "percent_covered_display": "100", "missing_lines": 0, "excluded_lines": 0}, "missing_lines": [], "excluded_lines": [], "functions": {"": {"executed_lines": [1, 7, 8, 9, 10, 11, 13], "summary": {"covered_lines": 6, "num_statements": 6, "percent_covered": 100.0, "percent_covered_display": "100", "missing_lines": 0, "excluded_lines": 0}, "missing_lines": [], "excluded_lines": []}}, "classes": {"": {"executed_lines": [1, 7, 8, 9, 10, 11, 13], "summary": {"covered_lines": 6, "num_statements": 6, "percent_covered": 100.0, "percent_covered_display": "100", "missing_lines": 0, "excluded_lines": 0}, "missing_lines": [], "excluded_lines": []}}}, "code/quality_assurance/__main__.py": {"executed_lines": [], "summary": {"covered_lines": 0, "num_statements": 3, "percent_covered": 0.0, "percent_covered_display": "0", "missing_lines": 3, "excluded_lines": 0}, "missing_lines": [7, 9, 10], "excluded_lines": [], "functions": {"": {"executed_lines": [], "summary": {"covered_lines": 0, "num_statements": 3, "percent_covered": 0.0, "percent_covered_display": "0", "missing_lines": 3, "excluded_lines": 0}, "missing_lines": [7, 9, 10], "excluded_lines": []}}, "classes": {"": {"executed_lines": [], "summary": {"covered_lines": 0, "num_statements": 3, "percent_covered": 0.0, "percent_covered_display": "0", "missing_lines": 3, "excluded_lines": 0}, "missing_lines": [7, 9, 10], "excluded_lines": []}}}, "code/quality_assurance/base.py": {"executed_lines": [1, 7, 8, 9, 10, 11, 12, 14, 17, 18, 19, 20, 21, 22, 25, 26, 27, 38, 39, 40, 41, 42, 43, 45, 47, 49, 51, 53, 55, 57, 59, 69, 70, 71, 80, 81, 82, 83, 85, 86, 88, 90, 91, 93, 95, 96, 98, 100, 101, 103, 105, 106, 108, 110, 111, 113, 114, 115, 116, 117, 119, 121, 123, 125, 131, 134, 148, 150, 151, 153, 158, 159, 166, 167, 168, 169, 171, 177, 179, 181, 198, 200, 201, 203, 210, 211, 217, 225, 226, 227, 229, 247, 254, 255, 257, 259, 261, 263, 265, 267, 269, 271, 273, 275, 277, 279, 281, 292, 303, 304, 305, 307, 318, 319, 321, 322, 324, 325, 330, 340, 343, 344, 345, 348, 349, 350, 353, 354, 355, 358, 359, 360], "summary": {"covered_lines": 123, "num_statements": 136, "percent_covered": 90.44117647058823, "percent_covered_display": "90", "missing_lines": 13, "excluded_lines": 0}, "missing_lines": [132, 172, 173, 174, 175, 183, 205, 206, 207, 290, 326, 327, 328], "excluded_lines": [], "functions": {"ValidationResult.is_passing": {"executed_lines": [47], "summary": {"covered_lines": 1, "num_statements": 1, "percent_covered": 100.0, "percent_covered_display": "100", "missing_lines": 0, "excluded_lines": 0}, "missing_lines": [], "excluded_lines": []}, "ValidationResult.is_error": {"executed_lines": [51], "summary": {"covered_lines": 1, "num_statements": 1, "percent_covered": 100.0, "percent_covered_display": "100", "missing_lines": 0, "excluded_lines": 0}, "missing_lines": [], "excluded_lines": []}, "ValidationResult.is_warning": {"executed_lines": [55], "summary": {"covered_lines": 1, "num_statements": 1, "percent_covered": 100.0, "percent_covered_display": "100", "missing_lines": 0, "excluded_lines": 0}, "missing_lines": [], "excluded_lines": []}, "ValidationResult.to_dict": {"executed_lines": [59], "summary": {"covered_lines": 1, "num_statements": 1, "percent_covered": 100.0, "percent_covered_display": "100", "missing_lines": 0, "excluded_lines": 0}, "missing_lines": [], "excluded_lines": []}, "QAReport.total_checks": {"executed_lines": [88], "summary": {"covered_lines": 1, "num_statements": 1, "percent_covered": 100.0, "percent_covered_display": "100", "missing_lines": 0, "excluded_lines": 0}, "missing_lines": [], "excluded_lines": []}, "QAReport.passed": {"executed_lines": [93], "summary": {"covered_lines": 1, "num_statements": 1, "percent_covered": 100.0, "percent_covered_display": "100", "missing_lines": 0, "excluded_lines": 0}, "missing_lines": [], "excluded_lines": []}, "QAReport.warnings": {"executed_lines": [98], "summary": {"covered_lines": 1, "num_statements": 1, "percent_covered": 100.0, "percent_covered_display": "100", "missing_lines": 0, "excluded_lines": 0}, "missing_lines": [], "excluded_lines": []}, "QAReport.errors": {"executed_lines": [103], "summary": {"covered_lines": 1, "num_statements": 1, "percent_covered": 100.0, "percent_covered_display": "100", "missing_lines": 0, "excluded_lines": 0}, "missing_lines": [], "excluded_lines": []}, "QAReport.skipped": {"executed_lines": [108], "summary": {"covered_lines": 1, "num_statements": 1, "percent_covered": 100.0, "percent_covered_display": "100", "missing_lines": 0, "excluded_lines": 0}, "missing_lines": [], "excluded_lines": []}, "QAReport.status": {"executed_lines": [113, 114, 115, 116, 117], "summary": {"covered_lines": 5, "num_statements": 5, "percent_covered": 100.0, "percent_covered_display": "100", "missing_lines": 0, "excluded_lines": 0}, "missing_lines": [], "excluded_lines": []}, "QAReport.get_by_category": {"executed_lines": [121], "summary": {"covered_lines": 1, "num_statements": 1, "percent_covered": 100.0, "percent_covered_display": "100", "missing_lines": 0, "excluded_lines": 0}, "missing_lines": [], "excluded_lines": []}, "QAReport.to_markdown": {"executed_lines": [125, 131, 134, 148, 150, 151, 153, 158, 159, 166, 167, 168, 169, 171, 177, 179], "summary": {"covered_lines": 16, "num_statements": 21, "percent_covered": 76.19047619047619, "percent_covered_display": "76", "missing_lines": 5, "excluded_lines": 0}, "missing_lines": [132, 172, 173, 174, 175], "excluded_lines": []}, "QAReport.to_dict": {"executed_lines": [], "summary": {"covered_lines": 0, "num_statements": 1, "percent_covered": 0.0, "percent_covered_display": "0", "missing_lines": 1, "excluded_lines": 0}, "missing_lines": [183], "excluded_lines": []}, "QAReport.save_markdown": {"executed_lines": [200, 201], "summary": {"covered_lines": 2, "num_statements": 2, "percent_covered": 100.0, "percent_covered_display": "100", "missing_lines": 0, "excluded_lines": 0}, "missing_lines": [], "excluded_lines": []}, "QAReport.save_json": {"executed_lines": [], "summary": {"covered_lines": 0, "num_statements": 3, "percent_covered": 0.0, "percent_covered_display": "0", "missing_lines": 3, "excluded_lines": 0}, "missing_lines": [205, 206, 207], "excluded_lines": []}, "BaseValidator.__init__": {"executed_lines": [225, 226, 227], "summary": {"covered_lines": 3, "num_statements": 3, "percent_covered": 100.0, "percent_covered_display": "100", "missing_lines": 0, "excluded_lines": 0}, "missing_lines": [], "excluded_lines": []}, "BaseValidator.add_result": {"executed_lines": [247, 254, 255], "summary": {"covered_lines": 3, "num_statements": 3, "percent_covered": 100.0, "percent_covered_display": "100", "missing_lines": 0, "excluded_lines": 0}, "missing_lines": [], "excluded_lines": []}, "BaseValidator.pass_check": {"executed_lines": [259], "summary": {"covered_lines": 1, "num_statements": 1, "percent_covered": 100.0, "percent_covered_display": "100", "missing_lines": 0, "excluded_lines": 0}, "missing_lines": [], "excluded_lines": []}, "BaseValidator.warn_check": {"executed_lines": [263], "summary": {"covered_lines": 1, "num_statements": 1, "percent_covered": 100.0, "percent_covered_display": "100", "missing_lines": 0, "excluded_lines": 0}, "missing_lines": [], "excluded_lines": []}, "BaseValidator.error_check": {"executed_lines": [267], "summary": {"covered_lines": 1, "num_statements": 1, "percent_covered": 100.0, "percent_covered_display": "100", "missing_lines": 0, "excluded_lines": 0}, "missing_lines": [], "excluded_lines": []}, "BaseValidator.skip_check": {"executed_lines": [271], "summary": {"covered_lines": 1, "num_statements": 1, "percent_covered": 100.0, "percent_covered_display": "100", "missing_lines": 0, "excluded_lines": 0}, "missing_lines": [], "excluded_lines": []}, "BaseValidator.clear_results": {"executed_lines": [275], "summary": {"covered_lines": 1, "num_statements": 1, "percent_covered": 100.0, "percent_covered_display": "100", "missing_lines": 0, "excluded_lines": 0}, "missing_lines": [], "excluded_lines": []}, "BaseValidator.get_results": {"executed_lines": [279], "summary": {"covered_lines": 1, "num_statements": 1, "percent_covered": 100.0, "percent_covered_display": "100", "missing_lines": 0, "excluded_lines": 0}, "missing_lines": [], "excluded_lines": []}, "BaseValidator.validate": {"executed_lines": [], "summary": {"covered_lines": 0, "num_statements": 1, "percent_covered": 0.0, "percent_covered_display": "0", "missing_lines": 1, "excluded_lines": 0}, "missing_lines": [290], "excluded_lines": []}, "BaseValidator.file_exists": {"executed_lines": [303, 304, 305], "summary": {"covered_lines": 3, "num_statements": 3, "percent_covered": 100.0, "percent_covered_display": "100", "missing_lines": 0, "excluded_lines": 0}, "missing_lines": [], "excluded_lines": []}, "BaseValidator.read_file": {"executed_lines": [318, 319, 321, 322, 324, 325], "summary": {"covered_lines": 6, "num_statements": 9, "percent_covered": 66.66666666666667, "percent_covered_display": "67", "missing_lines": 3, "excluded_lines": 0}, "missing_lines": [326, 327, 328], "excluded_lines": []}, "BaseValidator.find_files": {"executed_lines": [340], "summary": {"covered_lines": 1, "num_statements": 1, "percent_covered": 100.0, "percent_covered_display": "100", "missing_lines": 0, "excluded_lines": 0}, "missing_lines": [], "excluded_lines": []}, "": {"executed_lines": [1, 7, 8, 9, 10, 11, 12, 14, 17, 18, 19, 20, 21, 22, 25, 26, 27, 38, 39, 40, 41, 42, 43, 45, 49, 53, 57, 69, 70, 71, 80, 81, 82, 83, 85, 86, 90, 91, 95, 96, 100, 101, 105, 106, 110, 111, 119, 123, 181, 198, 203, 210, 211, 217, 229, 257, 261, 265, 269, 273, 277, 281, 292, 307, 330, 343, 344, 345, 348, 349, 350, 353, 354, 355, 358, 359, 360], "summary": {"covered_lines": 68, "num_statements": 68, "percent_covered": 100.0, "percent_covered_display": "100", "missing_lines": 0, "excluded_lines": 0}, "missing_lines": [], "excluded_lines": []}}, "classes": {"ValidationStatus": {"executed_lines": [], "summary": {"covered_lines": 0, "num_statements": 0, "percent_covered": 100.0, "percent_covered_display": "100", "missing_lines": 0, "excluded_lines": 0}, "missing_lines": [], "excluded_lines": []}, "ValidationResult": {"executed_lines": [47, 51, 55, 59], "summary": {"covered_lines": 4, "num_statements": 4, "percent_covered": 100.0, "percent_covered_display": "100", "missing_lines": 0, "excluded_lines": 0}, "missing_lines": [], "excluded_lines": []}, "QAReport": {"executed_lines": [88, 93, 98, 103, 108, 113, 114, 115, 116, 117, 121, 125, 131, 134, 148, 150, 151, 153, 158, 159, 166, 167, 168, 169, 171, 177, 179, 200, 201], "summary": {"covered_lines": 29, "num_statements": 38, "percent_covered": 76.3157894736842, "percent_covered_display": "76", "missing_lines": 9, "excluded_lines": 0}, "missing_lines": [132, 172, 173, 174, 175, 183, 205, 206, 207], "excluded_lines": []}, "BaseValidator": {"executed_lines": [225, 226, 227, 247, 254, 255, 259, 263, 267, 271, 275, 279, 303, 304, 305, 318, 319, 321, 322, 324, 325, 340], "summary": {"covered_lines": 22, "num_statements": 26, "percent_covered": 84.61538461538461, "percent_covered_display": "85", "missing_lines": 4, "excluded_lines": 0}, "missing_lines": [290, 326, 327, 328], "excluded_lines": []}, "QAException": {"executed_lines": [], "summary": {"covered_lines": 0, "num_statements": 0, "percent_covered": 100.0, "percent_covered_display": "100", "missing_lines": 0, "excluded_lines": 0}, "missing_lines": [], "excluded_lines": []}, "CriticalQAError": {"executed_lines": [], "summary": {"covered_lines": 0, "num_statements": 0, "percent_covered": 100.0, "percent_covered_display": "100", "missing_lines": 0, "excluded_lines": 0}, "missing_lines": [], "excluded_lines": []}, "QAWarning": {"executed_lines": [], "summary": {"covered_lines": 0, "num_statements": 0, "percent_covered": 100.0, "percent_covered_display": "100", "missing_lines": 0, "excluded_lines": 0}, "missing_lines": [], "excluded_lines": []}, "ValidationTimeoutError": {"executed_lines": [], "summary": {"covered_lines": 0, "num_statements": 0, "percent_covered": 100.0, "percent_covered_display": "100", "missing_lines": 0, "excluded_lines": 0}, "missing_lines": [], "excluded_lines": []}, "": {"executed_lines": [1, 7, 8, 9, 10, 11, 12, 14, 17, 18, 19, 20, 21, 22, 25, 26, 27, 38, 39, 40, 41, 42, 43, 45, 49, 53, 57, 69, 70, 71, 80, 81, 82, 83, 85, 86, 90, 91, 95, 96, 100, 101, 105, 106, 110, 111, 119, 123, 181, 198, 203, 210, 211, 217, 229, 257, 261, 265, 269, 273, 277, 281, 292, 307, 330, 343, 344, 345, 348, 349, 350, 353, 354, 355, 358, 359, 360], "summary": {"covered_lines": 68, "num_statements": 68, "percent_covered": 100.0, "percent_covered_display": "100", "missing_lines": 0, "excluded_lines": 0}, "missing_lines": [], "excluded_lines": []}}}, "code/quality_assurance/citation_verifier.py": {"executed_lines": [1, 7, 8, 9, 10, 11, 12, 13, 15, 17, 20, 21, 31, 45, 47, 48, 49, 50, 51, 52, 53, 56, 57, 59, 66, 69, 71, 72, 77, 80, 81, 82, 83, 85, 94, 95, 97, 98, 100, 101, 103, 104, 106, 112, 122, 123, 126, 130, 135, 136, 138, 145, 146, 147, 148, 150, 152, 158, 160, 161, 163, 172, 181, 183, 184, 185, 187, 189, 190, 196, 197, 204, 214, 216, 217, 219, 221, 222, 229, 240, 242, 243, 246, 247, 248, 249, 251, 252, 254, 255, 260, 263, 264, 266, 268, 269, 270, 273, 276, 279, 281, 282, 287, 289, 290, 308, 318, 319, 320, 322, 323, 325, 327, 328, 329, 330, 332, 342, 344, 345, 348, 349, 350, 351, 352, 353, 355, 356, 361, 363, 365, 367, 373, 374, 376, 377, 380, 382, 383, 390, 400, 410, 412, 413, 421, 422, 423, 424, 427, 428, 431, 441, 443, 444, 446, 447, 449, 450, 451, 453, 454, 456, 460, 461, 462, 463, 465, 469, 470, 478, 480, 481], "summary": {"covered_lines": 170, "num_statements": 198, "percent_covered": 85.85858585858585, "percent_covered_display": "86", "missing_lines": 28, "excluded_lines": 0}, "missing_lines": [86, 91, 124, 164, 169, 272, 284, 297, 334, 335, 336, 368, 369, 370, 416, 417, 418, 429, 433, 434, 435, 457, 458, 466, 467, 471, 476, 493], "excluded_lines": [], "functions": {"CitationVerifier.__init__": {"executed_lines": [45, 47, 48, 49, 50, 51, 52, 53, 56, 57], "summary": {"covered_lines": 10, "num_statements": 10, "percent_covered": 100.0, "percent_covered_display": "100", "missing_lines": 0, "excluded_lines": 0}, "missing_lines": [], "excluded_lines": []}, "CitationVerifier.validate": {"executed_lines": [66, 69, 71, 72, 77, 80, 81, 82, 83, 85, 94, 95, 97, 98, 100, 101, 103, 104, 106], "summary": {"covered_lines": 19, "num_statements": 21, "percent_covered": 90.47619047619048, "percent_covered_display": "90", "missing_lines": 2, "excluded_lines": 0}, "missing_lines": [86, 91], "excluded_lines": []}, "CitationVerifier.parse_bibtex": {"executed_lines": [122, 123, 126, 130, 135, 136, 138, 145, 146, 147, 148, 150, 152], "summary": {"covered_lines": 13, "num_statements": 14, "percent_covered": 92.85714285714286, "percent_covered_display": "93", "missing_lines": 1, "excluded_lines": 0}, "missing_lines": [124], "excluded_lines": []}, "CitationVerifier.validate_bibtex_format": {"executed_lines": [160, 161, 163, 172, 181, 183, 184, 185, 187, 189, 190, 196, 197, 204], "summary": {"covered_lines": 14, "num_statements": 16, "percent_covered": 87.5, "percent_covered_display": "88", "missing_lines": 2, "excluded_lines": 0}, "missing_lines": [164, 169], "excluded_lines": []}, "CitationVerifier.validate_citation_count": {"executed_lines": [216, 217, 219, 221, 222, 229], "summary": {"covered_lines": 6, "num_statements": 6, "percent_covered": 100.0, "percent_covered_display": "100", "missing_lines": 0, "excluded_lines": 0}, "missing_lines": [], "excluded_lines": []}, "CitationVerifier.validate_dois_batch": {"executed_lines": [242, 243, 246, 247, 248, 249, 251, 252, 254, 255, 260, 263, 264, 266, 268, 269, 270, 273, 276, 279, 281, 282, 287, 289, 290], "summary": {"covered_lines": 25, "num_statements": 28, "percent_covered": 89.28571428571429, "percent_covered_display": "89", "missing_lines": 3, "excluded_lines": 0}, "missing_lines": [272, 284, 297], "excluded_lines": []}, "CitationVerifier.check_doi_crossref": {"executed_lines": [318, 319, 320, 322, 323, 325, 327, 328, 329, 330, 332], "summary": {"covered_lines": 11, "num_statements": 14, "percent_covered": 78.57142857142857, "percent_covered_display": "79", "missing_lines": 3, "excluded_lines": 0}, "missing_lines": [334, 335, 336], "excluded_lines": []}, "CitationVerifier.check_retractions_batch": {"executed_lines": [344, 345, 348, 349, 350, 351, 352, 353, 355, 356, 361, 363, 365, 367, 373, 374, 376, 377, 380, 382, 383, 390], "summary": {"covered_lines": 22, "num_statements": 25, "percent_covered": 88.0, "percent_covered_display": "88", "missing_lines": 3, "excluded_lines": 0}, "missing_lines": [368, 369, 370], "excluded_lines": []}, "CitationVerifier.check_retraction_crossref": {"executed_lines": [410, 412, 413, 421, 422, 423, 424, 427, 428, 431], "summary": {"covered_lines": 10, "num_statements": 17, "percent_covered": 58.8235294117647, "percent_covered_display": "59", "missing_lines": 7, "excluded_lines": 0}, "missing_lines": [416, 417, 418, 429, 433, 434, 435], "excluded_lines": []}, "CitationVerifier.validate_recent_literature": {"executed_lines": [443, 444, 446, 447, 449, 450, 451, 453, 454, 456, 460, 461, 462, 463, 465, 469, 470, 478, 480, 481], "summary": {"covered_lines": 20, "num_statements": 27, "percent_covered": 74.07407407407408, "percent_covered_display": "74", "missing_lines": 7, "excluded_lines": 0}, "missing_lines": [457, 458, 466, 467, 471, 476, 493], "excluded_lines": []}, "": {"executed_lines": [1, 7, 8, 9, 10, 11, 12, 13, 15, 17, 20, 21, 31, 59, 112, 158, 214, 240, 308, 342, 400, 441], "summary": {"covered_lines": 20, "num_statements": 20, "percent_covered": 100.0, "percent_covered_display": "100", "missing_lines": 0, "excluded_lines": 0}, "missing_lines": [], "excluded_lines": []}}, "classes": {"CitationVerifier": {"executed_lines": [45, 47, 48, 49, 50, 51, 52, 53, 56, 57, 66, 69, 71, 72, 77, 80, 81, 82, 83, 85, 94, 95, 97, 98, 100, 101, 103, 104, 106, 122, 123, 126, 130, 135, 136, 138, 145, 146, 147, 148, 150, 152, 160, 161, 163, 172, 181, 183, 184, 185, 187, 189, 190, 196, 197, 204, 216, 217, 219, 221, 222, 229, 242, 243, 246, 247, 248, 249, 251, 252, 254, 255, 260, 263, 264, 266, 268, 269, 270, 273, 276, 279, 281, 282, 287, 289, 290, 318, 319, 320, 322, 323, 325, 327, 328, 329, 330, 332, 344, 345, 348, 349, 350, 351, 352, 353, 355, 356, 361, 363, 365, 367, 373, 374, 376, 377, 380, 382, 383, 390, 410, 412, 413, 421, 422, 423, 424, 427, 428, 431, 443, 444, 446, 447, 449, 450, 451, 453, 454, 456, 460, 461, 462, 463, 465, 469, 470, 478, 480, 481], "summary": {"covered_lines": 150, "num_statements": 178, "percent_covered": 84.26966292134831, "percent_covered_display": "84", "missing_lines": 28, "excluded_lines": 0}, "missing_lines": [86, 91, 124, 164, 169, 272, 284, 297, 334, 335, 336, 368, 369, 370, 416, 417, 418, 429, 433, 434, 435, 457, 458, 466, 467, 471, 476, 493], "excluded_lines": []}, "": {"executed_lines": [1, 7, 8, 9, 10, 11, 12, 13, 15, 17, 20, 21, 31, 59, 112, 158, 214, 240, 308, 342, 400, 441], "summary": {"covered_lines": 20, "num_statements": 20, "percent_covered": 100.0, "percent_covered_display": "100", "missing_lines": 0, "excluded_lines": 0}, "missing_lines": [], "excluded_lines": []}}}, "code/quality_assurance/cli.py": {"executed_lines": [], "summary": {"covered_lines": 0, "num_statements": 112, "percent_covered": 0.0, "percent_covered_display": "0", "missing_lines": 112, "excluded_lines": 0}, "missing_lines": [7, 8, 9, 10, 12, 13, 15, 20, 23, 25, 49, 55, 62, 68, 74, 80, 87, 93, 99, 102, 103, 106, 107, 108, 109, 110, 111, 112, 113, 115, 116, 117, 120, 121, 122, 123, 124, 127, 128, 129, 130, 131, 134, 135, 138, 139, 142, 143, 144, 146, 147, 148, 149, 150, 151, 158, 159, 160, 161, 162, 163, 170, 171, 172, 173, 174, 175, 183, 184, 186, 187, 188, 189, 190, 193, 194, 195, 196, 197, 200, 201, 202, 203, 204, 205, 206, 207, 208, 211, 212, 213, 214, 215, 217, 218, 219, 220, 221, 224, 227, 228, 229, 230, 231, 232, 233, 235, 237, 238, 239, 242, 243], "excluded_lines": [], "functions": {"main": {"executed_lines": [], "summary": {"covered_lines": 0, "num_statements": 101, "percent_covered": 0.0, "percent_covered_display": "0", "missing_lines": 101, "excluded_lines": 0}, "missing_lines": [25, 49, 55, 62, 68, 74, 80, 87, 93, 99, 102, 103, 106, 107, 108, 109, 110, 111, 112, 113, 115, 116, 117, 120, 121, 122, 123, 124, 127, 128, 129, 130, 131, 134, 135, 138, 139, 142, 143, 144, 146, 147, 148, 149, 150, 151, 158, 159, 160, 161, 162, 163, 170, 171, 172, 173, 174, 175, 183, 184, 186, 187, 188, 189, 190, 193, 194, 195, 196, 197, 200, 201, 202, 203, 204, 205, 206, 207, 208, 211, 212, 213, 214, 215, 217, 218, 219, 220, 221, 224, 227, 228, 229, 230, 231, 232, 233, 235, 237, 238, 239], "excluded_lines": []}, "": {"executed_lines": [], "summary": {"covered_lines": 0, "num_statements": 11, "percent_covered": 0.0, "percent_covered_display": "0", "missing_lines": 11, "excluded_lines": 0}, "missing_lines": [7, 8, 9, 10, 12, 13, 15, 20, 23, 242, 243], "excluded_lines": []}}, "classes": {"": {"executed_lines": [], "summary": {"covered_lines": 0, "num_statements": 112, "percent_covered": 0.0, "percent_covered_display": "0", "missing_lines": 112, "excluded_lines": 0}, "missing_lines": [7, 8, 9, 10, 12, 13, 15, 20, 23, 25, 49, 55, 62, 68, 74, 80, 87, 93, 99, 102, 103, 106, 107, 108, 109, 110, 111, 112, 113, 115, 116, 117, 120, 121, 122, 123, 124, 127, 128, 129, 130, 131, 134, 135, 138, 139, 142, 143, 144, 146, 147, 148, 149, 150, 151, 158, 159, 160, 161, 162, 163, 170, 171, 172, 173, 174, 175, 183, 184, 186, 187, 188, 189, 190, 193, 194, 195, 196, 197, 200, 201, 202, 203, 204, 205, 206, 207, 208, 211, 212, 213, 214, 215, 217, 218, 219, 220, 221, 224, 227, 228, 229, 230, 231, 232, 233, 235, 237, 238, 239, 242, 243], "excluded_lines": []}}}, "code/quality_assurance/qa_manager.py": {"executed_lines": [1, 7, 8, 9, 10, 11, 13, 14, 15, 16, 18, 21, 22, 31, 39, 40, 43, 48, 53, 58, 60, 61, 62, 63, 64, 65, 70, 99, 109, 111, 114, 115, 116, 117, 118, 131, 132, 133, 134, 135, 148, 149, 150, 151, 152, 165, 172, 175, 177, 188, 201, 203, 212, 214, 217, 218, 219, 220, 224, 231, 238, 245, 247, 262, 263, 264, 266, 269, 270, 271, 273, 276, 278, 282, 284, 286, 288, 316, 346, 356, 370, 377, 407, 408, 410], "summary": {"covered_lines": 83, "num_statements": 126, "percent_covered": 65.87301587301587, "percent_covered_display": "66", "missing_lines": 43, "excluded_lines": 0}, "missing_lines": [66, 67, 119, 120, 121, 136, 137, 138, 153, 154, 155, 204, 205, 221, 222, 225, 226, 227, 228, 229, 232, 233, 234, 235, 236, 279, 280, 298, 300, 301, 304, 309, 310, 311, 312, 314, 329, 330, 332, 335, 338, 339, 344], "excluded_lines": [], "functions": {"QAManager.__init__": {"executed_lines": [39, 40, 43, 48, 53], "summary": {"covered_lines": 5, "num_statements": 5, "percent_covered": 100.0, "percent_covered_display": "100", "missing_lines": 0, "excluded_lines": 0}, "missing_lines": [], "excluded_lines": []}, "QAManager._load_config": {"executed_lines": [60, 61, 62, 63, 64, 65, 70], "summary": {"covered_lines": 7, "num_statements": 9, "percent_covered": 77.77777777777777, "percent_covered_display": "78", "missing_lines": 2, "excluded_lines": 0}, "missing_lines": [66, 67], "excluded_lines": []}, "QAManager.run_full_qa": {"executed_lines": [109, 111, 114, 115, 116, 117, 118, 131, 132, 133, 134, 135, 148, 149, 150, 151, 152, 165, 172, 175], "summary": {"covered_lines": 20, "num_statements": 29, "percent_covered": 68.96551724137932, "percent_covered_display": "69", "missing_lines": 9, "excluded_lines": 0}, "missing_lines": [119, 120, 121, 136, 137, 138, 153, 154, 155], "excluded_lines": []}, "QAManager.run_phase_qa": {"executed_lines": [188, 201, 203, 212, 214, 217, 218, 219, 220, 224, 231, 238, 245], "summary": {"covered_lines": 13, "num_statements": 27, "percent_covered": 48.148148148148145, "percent_covered_display": "48", "missing_lines": 14, "excluded_lines": 0}, "missing_lines": [204, 205, 221, 222, 225, 226, 227, 228, 229, 232, 233, 234, 235, 236], "excluded_lines": []}, "QAManager.generate_and_save_report": {"executed_lines": [262, 263, 264, 266, 269, 270, 271, 273, 276, 278, 282, 284, 286], "summary": {"covered_lines": 13, "num_statements": 15, "percent_covered": 86.66666666666667, "percent_covered_display": "87", "missing_lines": 2, "excluded_lines": 0}, "missing_lines": [279, 280], "excluded_lines": []}, "QAManager.check_critical_errors": {"executed_lines": [], "summary": {"covered_lines": 0, "num_statements": 9, "percent_covered": 0.0, "percent_covered_display": "0", "missing_lines": 9, "excluded_lines": 0}, "missing_lines": [298, 300, 301, 304, 309, 310, 311, 312, 314], "excluded_lines": []}, "QAManager.validate_and_block": {"executed_lines": [], "summary": {"covered_lines": 0, "num_statements": 7, "percent_covered": 0.0, "percent_covered_display": "0", "missing_lines": 7, "excluded_lines": 0}, "missing_lines": [329, 330, 332, 335, 338, 339, 344], "excluded_lines": []}, "QAManager.get_summary": {"executed_lines": [356], "summary": {"covered_lines": 1, "num_statements": 1, "percent_covered": 100.0, "percent_covered_display": "100", "missing_lines": 0, "excluded_lines": 0}, "missing_lines": [], "excluded_lines": []}, "create_default_config": {"executed_lines": [377, 407, 408, 410], "summary": {"covered_lines": 4, "num_statements": 4, "percent_covered": 100.0, "percent_covered_display": "100", "missing_lines": 0, "excluded_lines": 0}, "missing_lines": [], "excluded_lines": []}, "": {"executed_lines": [1, 7, 8, 9, 10, 11, 13, 14, 15, 16, 18, 21, 22, 31, 58, 99, 177, 247, 288, 316, 346, 370], "summary": {"covered_lines": 20, "num_statements": 20, "percent_covered": 100.0, "percent_covered_display": "100", "missing_lines": 0, "excluded_lines": 0}, "missing_lines": [], "excluded_lines": []}}, "classes": {"QAManager": {"executed_lines": [39, 40, 43, 48, 53, 60, 61, 62, 63, 64, 65, 70, 109, 111, 114, 115, 116, 117, 118, 131, 132, 133, 134, 135, 148, 149, 150, 151, 152, 165, 172, 175, 188, 201, 203, 212, 214, 217, 218, 219, 220, 224, 231, 238, 245, 262, 263, 264, 266, 269, 270, 271, 273, 276, 278, 282, 284, 286, 356], "summary": {"covered_lines": 59, "num_statements": 102, "percent_covered": 57.84313725490196, "percent_covered_display": "58", "missing_lines": 43, "excluded_lines": 0}, "missing_lines": [66, 67, 119, 120, 121, 136, 137, 138, 153, 154, 155, 204, 205, 221, 222, 225, 226, 227, 228, 229, 232, 233, 234, 235, 236, 279, 280, 298, 300, 301, 304, 309, 310, 311, 312, 314, 329, 330, 332, 335, 338, 339, 344], "excluded_lines": []}, "": {"executed_lines": [1, 7, 8, 9, 10, 11, 13, 14, 15, 16, 18, 21, 22, 31, 58, 99, 177, 247, 288, 316, 346, 370, 377, 407, 408, 410], "summary": {"covered_lines": 24, "num_statements": 24, "percent_covered": 100.0, "percent_covered_display": "100", "missing_lines": 0, "excluded_lines": 0}, "missing_lines": [], "excluded_lines": []}}}, "code/quality_assurance/reproducibility_validator.py": {"executed_lines": [1, 7, 8, 9, 10, 11, 13, 15, 18, 19, 29, 41, 43, 44, 45, 46, 47, 49, 56, 59, 60, 61, 64, 65, 68, 69, 70, 73, 76, 82, 84, 85, 88, 89, 90, 92, 94, 95, 97, 98, 99, 100, 103, 107, 108, 115, 122, 124, 125, 127, 129, 130, 135, 137, 138, 140, 141, 144, 146, 150, 151, 153, 154, 155, 159, 161, 162, 168, 169, 183, 185, 186, 188, 190, 191, 196, 199, 200, 202, 210, 221, 223, 224, 227, 229, 230, 235, 238, 247, 249, 250, 251, 254, 255, 256, 257, 259, 260, 274, 276, 277, 279, 288, 289, 291, 293, 294, 296, 300, 307, 315, 326, 328, 329, 332, 333, 334, 337, 338, 339, 341, 342, 344, 348, 349, 351, 352, 353, 355, 356, 357, 360, 373, 374, 381, 388, 390, 391, 394, 397, 398, 401, 406, 407, 409, 410, 411, 412, 416, 423, 430, 441], "summary": {"covered_lines": 150, "num_statements": 195, "percent_covered": 76.92307692307692, "percent_covered_display": "77", "missing_lines": 45, "excluded_lines": 0}, "missing_lines": [74, 101, 102, 104, 105, 147, 157, 176, 203, 252, 267, 280, 285, 297, 298, 301, 302, 303, 304, 305, 308, 361, 362, 363, 365, 366, 367, 369, 370, 371, 413, 414, 417, 424, 443, 444, 447, 448, 449, 451, 452, 453, 463, 464, 471], "excluded_lines": [], "functions": {"ReproducibilityValidator.__init__": {"executed_lines": [41, 43, 44, 45, 46, 47], "summary": {"covered_lines": 6, "num_statements": 6, "percent_covered": 100.0, "percent_covered_display": "100", "missing_lines": 0, "excluded_lines": 0}, "missing_lines": [], "excluded_lines": []}, "ReproducibilityValidator.validate": {"executed_lines": [56, 59, 60, 61, 64, 65, 68, 69, 70, 73, 76], "summary": {"covered_lines": 11, "num_statements": 12, "percent_covered": 91.66666666666667, "percent_covered_display": "92", "missing_lines": 1, "excluded_lines": 0}, "missing_lines": [74], "excluded_lines": []}, "ReproducibilityValidator.validate_python_version": {"executed_lines": [84, 85, 88, 89, 90, 92, 94, 95, 97, 98, 99, 100, 103, 107, 108, 115], "summary": {"covered_lines": 16, "num_statements": 20, "percent_covered": 80.0, "percent_covered_display": "80", "missing_lines": 4, "excluded_lines": 0}, "missing_lines": [101, 102, 104, 105], "excluded_lines": []}, "ReproducibilityValidator.validate_dependencies": {"executed_lines": [124, 125, 127, 129, 130, 135, 137, 138, 140, 141, 144, 146, 150, 151, 153, 154, 155, 159, 161, 162, 168, 169], "summary": {"covered_lines": 22, "num_statements": 25, "percent_covered": 88.0, "percent_covered_display": "88", "missing_lines": 3, "excluded_lines": 0}, "missing_lines": [147, 157, 176], "excluded_lines": []}, "ReproducibilityValidator.validate_system_info": {"executed_lines": [185, 186, 188, 190, 191, 196, 199, 200, 202, 210], "summary": {"covered_lines": 10, "num_statements": 11, "percent_covered": 90.9090909090909, "percent_covered_display": "91", "missing_lines": 1, "excluded_lines": 0}, "missing_lines": [203], "excluded_lines": []}, "ReproducibilityValidator.validate_seed_usage": {"executed_lines": [223, 224, 227, 229, 230, 235, 238, 247, 249, 250, 251, 254, 255, 256, 257, 259, 260], "summary": {"covered_lines": 17, "num_statements": 19, "percent_covered": 89.47368421052632, "percent_covered_display": "89", "missing_lines": 2, "excluded_lines": 0}, "missing_lines": [252, 267], "excluded_lines": []}, "ReproducibilityValidator.validate_seed_documentation": {"executed_lines": [276, 277, 279, 288, 289, 291, 293, 294, 296, 300, 307, 315], "summary": {"covered_lines": 12, "num_statements": 22, "percent_covered": 54.54545454545455, "percent_covered_display": "55", "missing_lines": 10, "excluded_lines": 0}, "missing_lines": [280, 285, 297, 298, 301, 302, 303, 304, 305, 308], "excluded_lines": []}, "ReproducibilityValidator.validate_data_sources": {"executed_lines": [328, 329, 332, 333, 334, 337, 338, 339, 341, 342, 344, 348, 349, 351, 352, 353, 355, 356, 357, 360, 373, 374, 381], "summary": {"covered_lines": 23, "num_statements": 32, "percent_covered": 71.875, "percent_covered_display": "72", "missing_lines": 9, "excluded_lines": 0}, "missing_lines": [361, 362, 363, 365, 366, 367, 369, 370, 371], "excluded_lines": []}, "ReproducibilityValidator.validate_data_versions": {"executed_lines": [390, 391, 394, 397, 398, 401, 406, 407, 409, 410, 411, 412, 416, 423, 430], "summary": {"covered_lines": 15, "num_statements": 19, "percent_covered": 78.94736842105263, "percent_covered_display": "79", "missing_lines": 4, "excluded_lines": 0}, "missing_lines": [413, 414, 417, 424], "excluded_lines": []}, "ReproducibilityValidator.validate_container_setup": {"executed_lines": [], "summary": {"covered_lines": 0, "num_statements": 11, "percent_covered": 0.0, "percent_covered_display": "0", "missing_lines": 11, "excluded_lines": 0}, "missing_lines": [443, 444, 447, 448, 449, 451, 452, 453, 463, 464, 471], "excluded_lines": []}, "": {"executed_lines": [1, 7, 8, 9, 10, 11, 13, 15, 18, 19, 29, 49, 82, 122, 183, 221, 274, 326, 388, 441], "summary": {"covered_lines": 18, "num_statements": 18, "percent_covered": 100.0, "percent_covered_display": "100", "missing_lines": 0, "excluded_lines": 0}, "missing_lines": [], "excluded_lines": []}}, "classes": {"ReproducibilityValidator": {"executed_lines": [41, 43, 44, 45, 46, 47, 56, 59, 60, 61, 64, 65, 68, 69, 70, 73, 76, 84, 85, 88, 89, 90, 92, 94, 95, 97, 98, 99, 100, 103, 107, 108, 115, 124, 125, 127, 129, 130, 135, 137, 138, 140, 141, 144, 146, 150, 151, 153, 154, 155, 159, 161, 162, 168, 169, 185, 186, 188, 190, 191, 196, 199, 200, 202, 210, 223, 224, 227, 229, 230, 235, 238, 247, 249, 250, 251, 254, 255, 256, 257, 259, 260, 276, 277, 279, 288, 289, 291, 293, 294, 296, 300, 307, 315, 328, 329, 332, 333, 334, 337, 338, 339, 341, 342, 344, 348, 349, 351, 352, 353, 355, 356, 357, 360, 373, 374, 381, 390, 391, 394, 397, 398, 401, 406, 407, 409, 410, 411, 412, 416, 423, 430], "summary": {"covered_lines": 132, "num_statements": 177, "percent_covered": 74.57627118644068, "percent_covered_display": "75", "missing_lines": 45, "excluded_lines": 0}, "missing_lines": [74, 101, 102, 104, 105, 147, 157, 176, 203, 252, 267, 280, 285, 297, 298, 301, 302, 303, 304, 305, 308, 361, 362, 363, 365, 366, 367, 369, 370, 371, 413, 414, 417, 424, 443, 444, 447, 448, 449, 451, 452, 453, 463, 464, 471], "excluded_lines": []}, "": {"executed_lines": [1, 7, 8, 9, 10, 11, 13, 15, 18, 19, 29, 49, 82, 122, 183, 221, 274, 326, 388, 441], "summary": {"covered_lines": 18, "num_statements": 18, "percent_covered": 100.0, "percent_covered_display": "100", "missing_lines": 0, "excluded_lines": 0}, "missing_lines": [], "excluded_lines": []}}}, "code/quality_assurance/statistical_validator.py": {"executed_lines": [1, 7, 8, 9, 10, 11, 13, 15, 18, 19, 31, 45, 47, 48, 49, 50, 51, 52, 53, 55, 62, 65, 66, 69, 70, 71, 72, 73, 76, 77, 78, 79, 81, 82, 87, 90, 91, 93, 94, 96, 98, 99, 101, 102, 104, 105, 107, 113, 115, 117, 118, 119, 122, 123, 125, 126, 127, 128, 129, 130, 132, 134, 144, 146, 147, 150, 159, 160, 161, 162, 165, 166, 168, 169, 172, 178, 179, 187, 201, 203, 204, 207, 221, 222, 223, 224, 226, 227, 234, 247, 249, 250, 253, 261, 268, 269, 271, 273, 275, 276, 278, 279, 281, 282, 284, 285, 295, 296, 303, 313, 315, 316, 318, 326, 327, 328, 329, 331, 332, 339, 352, 354, 355, 358, 367, 377, 378, 380, 381, 382, 384, 385, 386, 387, 389, 390, 395, 396, 406, 420, 422, 423, 426, 445, 452, 453, 455, 456, 457, 459, 460, 461, 462, 464, 465, 470, 471, 481], "summary": {"covered_lines": 156, "num_statements": 165, "percent_covered": 94.54545454545455, "percent_covered_display": "95", "missing_lines": 9, "excluded_lines": 0}, "missing_lines": [120, 136, 137, 138, 170, 173, 174, 175, 176], "excluded_lines": [], "functions": {"StatisticalValidator.__init__": {"executed_lines": [45, 47, 48, 49, 50, 51, 52, 53], "summary": {"covered_lines": 8, "num_statements": 8, "percent_covered": 100.0, "percent_covered_display": "100", "missing_lines": 0, "excluded_lines": 0}, "missing_lines": [], "excluded_lines": []}, "StatisticalValidator.validate": {"executed_lines": [62, 65, 66, 69, 70, 71, 72, 73, 76, 77, 78, 79, 81, 82, 87, 90, 91, 93, 94, 96, 98, 99, 101, 102, 104, 105, 107], "summary": {"covered_lines": 27, "num_statements": 27, "percent_covered": 100.0, "percent_covered_display": "100", "missing_lines": 0, "excluded_lines": 0}, "missing_lines": [], "excluded_lines": []}, "StatisticalValidator.extract_notebook_code": {"executed_lines": [115, 117, 118, 119, 122, 123, 125, 126, 127, 128, 129, 130, 132, 134], "summary": {"covered_lines": 14, "num_statements": 18, "percent_covered": 77.77777777777777, "percent_covered_display": "78", "missing_lines": 4, "excluded_lines": 0}, "missing_lines": [120, 136, 137, 138], "excluded_lines": []}, "StatisticalValidator.validate_power_analysis": {"executed_lines": [146, 147, 150, 159, 160, 161, 162, 165, 166, 168, 169, 172, 178, 179, 187], "summary": {"covered_lines": 15, "num_statements": 20, "percent_covered": 75.0, "percent_covered_display": "75", "missing_lines": 5, "excluded_lines": 0}, "missing_lines": [170, 173, 174, 175, 176], "excluded_lines": []}, "StatisticalValidator.validate_effect_sizes": {"executed_lines": [203, 204, 207, 221, 222, 223, 224, 226, 227, 234], "summary": {"covered_lines": 10, "num_statements": 10, "percent_covered": 100.0, "percent_covered_display": "100", "missing_lines": 0, "excluded_lines": 0}, "missing_lines": [], "excluded_lines": []}, "StatisticalValidator.validate_p_values": {"executed_lines": [249, 250, 253, 261, 268, 269, 271, 273, 275, 276, 278, 279, 281, 282, 284, 285, 295, 296, 303], "summary": {"covered_lines": 19, "num_statements": 19, "percent_covered": 100.0, "percent_covered_display": "100", "missing_lines": 0, "excluded_lines": 0}, "missing_lines": [], "excluded_lines": []}, "StatisticalValidator.validate_confidence_intervals": {"executed_lines": [315, 316, 318, 326, 327, 328, 329, 331, 332, 339], "summary": {"covered_lines": 10, "num_statements": 10, "percent_covered": 100.0, "percent_covered_display": "100", "missing_lines": 0, "excluded_lines": 0}, "missing_lines": [], "excluded_lines": []}, "StatisticalValidator.validate_multiple_comparisons": {"executed_lines": [354, 355, 358, 367, 377, 378, 380, 381, 382, 384, 385, 386, 387, 389, 390, 395, 396, 406], "summary": {"covered_lines": 18, "num_statements": 18, "percent_covered": 100.0, "percent_covered_display": "100", "missing_lines": 0, "excluded_lines": 0}, "missing_lines": [], "excluded_lines": []}, "StatisticalValidator.validate_assumptions": {"executed_lines": [422, 423, 426, 445, 452, 453, 455, 456, 457, 459, 460, 461, 462, 464, 465, 470, 471, 481], "summary": {"covered_lines": 18, "num_statements": 18, "percent_covered": 100.0, "percent_covered_display": "100", "missing_lines": 0, "excluded_lines": 0}, "missing_lines": [], "excluded_lines": []}, "": {"executed_lines": [1, 7, 8, 9, 10, 11, 13, 15, 18, 19, 31, 55, 113, 144, 201, 247, 313, 352, 420], "summary": {"covered_lines": 17, "num_statements": 17, "percent_covered": 100.0, "percent_covered_display": "100", "missing_lines": 0, "excluded_lines": 0}, "missing_lines": [], "excluded_lines": []}}, "classes": {"StatisticalValidator": {"executed_lines": [45, 47, 48, 49, 50, 51, 52, 53, 62, 65, 66, 69, 70, 71, 72, 73, 76, 77, 78, 79, 81, 82, 87, 90, 91, 93, 94, 96, 98, 99, 101, 102, 104, 105, 107, 115, 117, 118, 119, 122, 123, 125, 126, 127, 128, 129, 130, 132, 134, 146, 147, 150, 159, 160, 161, 162, 165, 166, 168, 169, 172, 178, 179, 187, 203, 204, 207, 221, 222, 223, 224, 226, 227, 234, 249, 250, 253, 261, 268, 269, 271, 273, 275, 276, 278, 279, 281, 282, 284, 285, 295, 296, 303, 315, 316, 318, 326, 327, 328, 329, 331, 332, 339, 354, 355, 358, 367, 377, 378, 380, 381, 382, 384, 385, 386, 387, 389, 390, 395, 396, 406, 422, 423, 426, 445, 452, 453, 455, 456, 457, 459, 460, 461, 462, 464, 465, 470, 471, 481], "summary": {"covered_lines": 139, "num_statements": 148, "percent_covered": 93.91891891891892, "percent_covered_display": "94", "missing_lines": 9, "excluded_lines": 0}, "missing_lines": [120, 136, 137, 138, 170, 173, 174, 175, 176], "excluded_lines": []}, "": {"executed_lines": [1, 7, 8, 9, 10, 11, 13, 15, 18, 19, 31, 55, 113, 144, 201, 247, 313, 352, 420], "summary": {"covered_lines": 17, "num_statements": 17, "percent_covered": 100.0, "percent_covered_display": "100", "missing_lines": 0, "excluded_lines": 0}, "missing_lines": [], "excluded_lines": []}}}, "code/research_workflow.py": {"executed_lines": [1, 8, 9, 10, 12, 13, 15, 24, 25, 28, 29, 37, 38, 39, 40, 41, 42, 43, 44, 45, 46, 47, 50, 51, 52, 53, 54, 55, 59, 60, 61, 62, 65, 69, 70, 71, 78, 85, 86, 89, 90, 92, 94, 96, 109, 110, 112, 114, 116, 118, 119, 122, 123, 125, 127, 128, 130, 131, 132, 134, 145, 148, 150, 151, 152, 153, 155, 156, 157, 159, 160, 161, 163, 164, 165, 167, 168, 169, 171, 172, 174, 178, 179, 180, 182, 183, 184, 186, 187, 188, 190, 191, 192, 194, 195, 196, 204, 214, 215, 217, 219, 220, 221, 222, 254, 256, 257, 259, 260, 261, 263, 265, 266, 270, 272, 274, 275, 277, 278, 280, 281, 283, 285, 300, 302, 303, 304, 309, 311, 312, 313, 319, 337, 344, 347, 349, 350, 351, 353, 356], "summary": {"covered_lines": 138, "num_statements": 186, "percent_covered": 74.19354838709677, "percent_covered_display": "74", "missing_lines": 48, "excluded_lines": 0}, "missing_lines": [175, 176, 198, 200, 201, 202, 224, 225, 226, 227, 229, 230, 231, 232, 234, 235, 241, 242, 244, 248, 250, 251, 252, 358, 359, 362, 369, 370, 371, 374, 375, 378, 379, 381, 382, 385, 386, 389, 390, 391, 393, 394, 397, 398, 399, 402, 403, 404], "excluded_lines": [], "functions": {"ResearchWorkflow.__init__": {"executed_lines": [85, 86, 89, 90, 92], "summary": {"covered_lines": 5, "num_statements": 5, "percent_covered": 100.0, "percent_covered_display": "100", "missing_lines": 0, "excluded_lines": 0}, "missing_lines": [], "excluded_lines": []}, "ResearchWorkflow._set_state_from_context": {"executed_lines": [96, 109, 110], "summary": {"covered_lines": 3, "num_statements": 3, "percent_covered": 100.0, "percent_covered_display": "100", "missing_lines": 0, "excluded_lines": 0}, "missing_lines": [], "excluded_lines": []}, "ResearchWorkflow.get_phase_name": {"executed_lines": [114], "summary": {"covered_lines": 1, "num_statements": 1, "percent_covered": 100.0, "percent_covered_display": "100", "missing_lines": 0, "excluded_lines": 0}, "missing_lines": [], "excluded_lines": []}, "ResearchWorkflow.can_progress": {"executed_lines": [118, 119, 122, 123], "summary": {"covered_lines": 4, "num_statements": 4, "percent_covered": 100.0, "percent_covered_display": "100", "missing_lines": 0, "excluded_lines": 0}, "missing_lines": [], "excluded_lines": []}, "ResearchWorkflow.get_next_phase": {"executed_lines": [127, 128, 130, 131, 132], "summary": {"covered_lines": 5, "num_statements": 5, "percent_covered": 100.0, "percent_covered_display": "100", "missing_lines": 0, "excluded_lines": 0}, "missing_lines": [], "excluded_lines": []}, "ResearchWorkflow.progress_to_next": {"executed_lines": [145, 148, 150, 151, 152, 153, 155, 156, 157, 159, 160, 161, 163, 164, 165, 167, 168, 169, 171, 172, 174, 178, 179, 180, 182, 183, 184, 186, 187, 188, 190, 191, 192, 194, 195, 196], "summary": {"covered_lines": 36, "num_statements": 42, "percent_covered": 85.71428571428571, "percent_covered_display": "86", "missing_lines": 6, "excluded_lines": 0}, "missing_lines": [175, 176, 198, 200, 201, 202], "excluded_lines": []}, "ResearchWorkflow.go_back_to": {"executed_lines": [214, 215, 217, 219, 220, 221, 222], "summary": {"covered_lines": 7, "num_statements": 24, "percent_covered": 29.166666666666668, "percent_covered_display": "29", "missing_lines": 17, "excluded_lines": 0}, "missing_lines": [224, 225, 226, 227, 229, 230, 231, 232, 234, 235, 241, 242, 244, 248, 250, 251, 252], "excluded_lines": []}, "ResearchWorkflow.get_allowed_transitions": {"executed_lines": [256, 257, 259, 260, 261], "summary": {"covered_lines": 5, "num_statements": 5, "percent_covered": 100.0, "percent_covered_display": "100", "missing_lines": 0, "excluded_lines": 0}, "missing_lines": [], "excluded_lines": []}, "ResearchWorkflow.get_progress_percentage": {"executed_lines": [265, 266, 270], "summary": {"covered_lines": 3, "num_statements": 3, "percent_covered": 100.0, "percent_covered_display": "100", "missing_lines": 0, "excluded_lines": 0}, "missing_lines": [], "excluded_lines": []}, "ResearchWorkflow.save_state": {"executed_lines": [274, 275], "summary": {"covered_lines": 2, "num_statements": 2, "percent_covered": 100.0, "percent_covered_display": "100", "missing_lines": 0, "excluded_lines": 0}, "missing_lines": [], "excluded_lines": []}, "ResearchWorkflow.load_state": {"executed_lines": [280, 281], "summary": {"covered_lines": 2, "num_statements": 2, "percent_covered": 100.0, "percent_covered_display": "100", "missing_lines": 0, "excluded_lines": 0}, "missing_lines": [], "excluded_lines": []}, "ResearchWorkflow.summary": {"executed_lines": [285], "summary": {"covered_lines": 1, "num_statements": 1, "percent_covered": 100.0, "percent_covered_display": "100", "missing_lines": 0, "excluded_lines": 0}, "missing_lines": [], "excluded_lines": []}, "ResearchWorkflow.on_enter_state": {"executed_lines": [302, 303, 304], "summary": {"covered_lines": 3, "num_statements": 3, "percent_covered": 100.0, "percent_covered_display": "100", "missing_lines": 0, "excluded_lines": 0}, "missing_lines": [], "excluded_lines": []}, "ResearchWorkflow.on_exit_state": {"executed_lines": [311, 312, 313], "summary": {"covered_lines": 3, "num_statements": 3, "percent_covered": 100.0, "percent_covered_display": "100", "missing_lines": 0, "excluded_lines": 0}, "missing_lines": [], "excluded_lines": []}, "create_workflow": {"executed_lines": [337, 344, 347, 349, 350, 351, 353], "summary": {"covered_lines": 7, "num_statements": 7, "percent_covered": 100.0, "percent_covered_display": "100", "missing_lines": 0, "excluded_lines": 0}, "missing_lines": [], "excluded_lines": []}, "": {"executed_lines": [1, 8, 9, 10, 12, 13, 15, 24, 25, 28, 29, 37, 38, 39, 40, 41, 42, 43, 44, 45, 46, 47, 50, 51, 52, 53, 54, 55, 59, 60, 61, 62, 65, 69, 70, 71, 78, 94, 112, 116, 125, 134, 204, 254, 263, 272, 277, 278, 283, 300, 309, 319, 356], "summary": {"covered_lines": 51, "num_statements": 76, "percent_covered": 67.10526315789474, "percent_covered_display": "67", "missing_lines": 25, "excluded_lines": 0}, "missing_lines": [358, 359, 362, 369, 370, 371, 374, 375, 378, 379, 381, 382, 385, 386, 389, 390, 391, 393, 394, 397, 398, 399, 402, 403, 404], "excluded_lines": []}}, "classes": {"ResearchWorkflow": {"executed_lines": [85, 86, 89, 90, 92, 96, 109, 110, 114, 118, 119, 122, 123, 127, 128, 130, 131, 132, 145, 148, 150, 151, 152, 153, 155, 156, 157, 159, 160, 161, 163, 164, 165, 167, 168, 169, 171, 172, 174, 178, 179, 180, 182, 183, 184, 186, 187, 188, 190, 191, 192, 194, 195, 196, 214, 215, 217, 219, 220, 221, 222, 256, 257, 259, 260, 261, 265, 266, 270, 274, 275, 280, 281, 285, 302, 303, 304, 311, 312, 313], "summary": {"covered_lines": 80, "num_statements": 103, "percent_covered": 77.66990291262135, "percent_covered_display": "78", "missing_lines": 23, "excluded_lines": 0}, "missing_lines": [175, 176, 198, 200, 201, 202, 224, 225, 226, 227, 229, 230, 231, 232, 234, 235, 241, 242, 244, 248, 250, 251, 252], "excluded_lines": []}, "": {"executed_lines": [1, 8, 9, 10, 12, 13, 15, 24, 25, 28, 29, 37, 38, 39, 40, 41, 42, 43, 44, 45, 46, 47, 50, 51, 52, 53, 54, 55, 59, 60, 61, 62, 65, 69, 70, 71, 78, 94, 112, 116, 125, 134, 204, 254, 263, 272, 277, 278, 283, 300, 309, 319, 337, 344, 347, 349, 350, 351, 353, 356], "summary": {"covered_lines": 58, "num_statements": 83, "percent_covered": 69.87951807228916, "percent_covered_display": "70", "missing_lines": 25, "excluded_lines": 0}, "missing_lines": [358, 359, 362, 369, 370, 371, 374, 375, 378, 379, 381, 382, 385, 386, 389, 390, 391, 393, 394, 397, 398, 399, 402, 403, 404], "excluded_lines": []}}}, "code/validators/__init__.py": {"execu
[...]
vered_lines": 32, "num_statements": 36, "percent_covered": 88.88888888888889, "percent_covered_display": "89", "missing_lines": 4, "excluded_lines": 0}, "missing_lines": [44, 54, 83, 84], "excluded_lines": [], "functions": {"BaseValidator.__init__": {"executed_lines": [33, 34], "summary": {"covered_lines": 2, "num_statements": 2, "percent_covered": 100.0, "percent_covered_display": "100", "missing_lines": 0, "excluded_lines": 0}, "missing_lines": [], "excluded_lines": []}, "BaseValidator.can_enter": {"executed_lines": [], "summary": {"covered_lines": 0, "num_statements": 1, "percent_covered": 0.0, "percent_covered_display": "0", "missing_lines": 1, "excluded_lines": 0}, "missing_lines": [44], "excluded_lines": []}, "BaseValidator.can_exit": {"executed_lines": [], "summary": {"covered_lines": 0, "num_statements": 1, "percent_covered": 0.0, "percent_covered_display": "0", "missing_lines": 1, "excluded_lines": 0}, "missing_lines": [54], "excluded_lines": []}, "BaseValidator.validate_outputs": {"executed_lines": [66], "summary": {"covered_lines": 1, "num_statements": 1, "percent_covered": 100.0, "percent_covered_display": "100", "missing_lines": 0, "excluded_lines": 0}, "missing_lines": [], "excluded_lines": []}, "BaseValidator._file_exists": {"executed_lines": [70, 71], "summary": {"covered_lines": 2, "num_statements": 2, "percent_covered": 100.0, "percent_covered_display": "100", "missing_lines": 0, "excluded_lines": 0}, "missing_lines": [], "excluded_lines": []}, "BaseValidator._file_has_content": {"executed_lines": [75, 76, 78, 79, 80, 81, 82], "summary": {"covered_lines": 7, "num_statements": 9, "percent_covered": 77.77777777777777, "percent_covered_display": "78", "missing_lines": 2, "excluded_lines": 0}, "missing_lines": [83, 84], "excluded_lines": []}, "BaseValidator._count_files_in_dir": {"executed_lines": [88, 89, 90, 92], "summary": {"covered_lines": 4, "num_statements": 4, "percent_covered": 100.0, "percent_covered_display": "100", "missing_lines": 0, "excluded_lines": 0}, "missing_lines": [], "excluded_lines": []}, "": {"executed_lines": [1, 7, 8, 9, 10, 13, 15, 18, 19, 26, 36, 37, 46, 47, 56, 68, 73, 86], "summary": {"covered_lines": 16, "num_statements": 16, "percent_covered": 100.0, "percent_covered_display": "100", "missing_lines": 0, "excluded_lines": 0}, "missing_lines": [], "excluded_lines": []}}, "classes": {"BaseValidator": {"executed_lines": [33, 34, 66, 70, 71, 75, 76, 78, 79, 80, 81, 82, 88, 89, 90, 92], "summary": {"covered_lines": 16, "num_statements": 20, "percent_covered": 80.0, "percent_covered_display": "80", "missing_lines": 4, "excluded_lines": 0}, "missing_lines": [44, 54, 83, 84], "excluded_lines": []}, "": {"executed_lines": [1, 7, 8, 9, 10, 13, 15, 18, 19, 26, 36, 37, 46, 47, 56, 68, 73, 86], "summary": {"covered_lines": 16, "num_statements": 16, "percent_covered": 100.0, "percent_covered_display": "100", "missing_lines": 0, "excluded_lines": 0}, "missing_lines": [], "excluded_lines": []}}}, "code/validators/finer_validator.py": {"executed_lines": [1, 12, 13, 14, 16, 18, 19, 22, 23, 29, 30, 31, 33, 37, 43, 52, 53, 54, 55, 58, 59, 62, 70, 73, 74, 75, 76, 81, 82, 85, 89, 90, 92, 93, 94, 99, 100, 101, 103, 116, 118, 119, 120, 122, 125, 126, 130, 132, 139, 141, 144, 148, 153, 157, 162, 166, 171, 176, 179, 182, 186, 190, 192, 206, 208, 209, 211, 212, 213, 216], "summary": {"covered_lines": 68, "num_statements": 70, "percent_covered": 97.14285714285714, "percent_covered_display": "97", "missing_lines": 2, "excluded_lines": 0}, "missing_lines": [78, 214], "excluded_lines": [], "functions": {"FINERValidator.__init__": {"executed_lines": [30, 31], "summary": {"covered_lines": 2, "num_statements": 2, "percent_covered": 100.0, "percent_covered_display": "100", "missing_lines": 0, "excluded_lines": 0}, "missing_lines": [], "excluded_lines": []}, "FINERValidator.can_enter": {"executed_lines": [37], "summary": {"covered_lines": 1, "num_statements": 1, "percent_covered": 100.0, "percent_covered_display": "100", "missing_lines": 0, "excluded_lines": 0}, "missing_lines": [], "excluded_lines": []}, "FINERValidator.can_exit": {"executed_lines": [52, 53, 54, 55, 58, 59, 62, 70, 73, 74, 75, 76, 81, 82, 85, 89, 90, 92, 93, 94, 99, 100, 101, 103], "summary": {"covered_lines": 24, "num_statements": 25, "percent_covered": 96.0, "percent_covered_display": "96", "missing_lines": 1, "excluded_lines": 0}, "missing_lines": [78], "excluded_lines": []}, "FINERValidator._read_problem_statement": {"executed_lines": [118, 119, 120], "summary": {"covered_lines": 3, "num_statements": 3, "percent_covered": 100.0, "percent_covered_display": "100", "missing_lines": 0, "excluded_lines": 0}, "missing_lines": [], "excluded_lines": []}, "FINERValidator._check_research_question": {"executed_lines": [125, 126, 130], "summary": {"covered_lines": 3, "num_statements": 3, "percent_covered": 100.0, "percent_covered_display": "100", "missing_lines": 0, "excluded_lines": 0}, "missing_lines": [], "excluded_lines": []}, "FINERValidator._evaluate_finer_criteria": {"executed_lines": [139, 141, 144, 148, 153, 157, 162, 166, 171, 176, 179, 182, 186, 190], "summary": {"covered_lines": 14, "num_statements": 14, "percent_covered": 100.0, "percent_covered_display": "100", "missing_lines": 0, "excluded_lines": 0}, "missing_lines": [], "excluded_lines": []}, "FINERValidator._score_keyword_presence": {"executed_lines": [206, 208, 209, 211, 212, 213, 216], "summary": {"covered_lines": 7, "num_statements": 8, "percent_covered": 87.5, "percent_covered_display": "88", "missing_lines": 1, "excluded_lines": 0}, "missing_lines": [214], "excluded_lines": []}, "": {"executed_lines": [1, 12, 13, 14, 16, 18, 19, 22, 23, 29, 33, 43, 116, 122, 132, 192], "summary": {"covered_lines": 14, "num_statements": 14, "percent_covered": 100.0, "percent_covered_display": "100", "missing_lines": 0, "excluded_lines": 0}, "missing_lines": [], "excluded_lines": []}}, "classes": {"FINERValidator": {"executed_lines": [30, 31, 37, 52, 53, 54, 55, 58, 59, 62, 70, 73, 74, 75, 76, 81, 82, 85, 89, 90, 92, 93, 94, 99, 100, 101, 103, 118, 119, 120, 125, 126, 130, 139, 141, 144, 148, 153, 157, 162, 166, 171, 176, 179, 182, 186, 190, 206, 208, 209, 211, 212, 213, 216], "summary": {"covered_lines": 54, "num_statements": 56, "percent_covered": 96.42857142857143, "percent_covered_display": "96", "missing_lines": 2, "excluded_lines": 0}, "missing_lines": [78, 214], "excluded_lines": []}, "": {"executed_lines": [1, 12, 13, 14, 16, 18, 19, 22, 23, 29, 33, 43, 116, 122, 132, 192], "summary": {"covered_lines": 14, "num_statements": 14, "percent_covered": 100.0, "percent_covered_display": "100", "missing_lines": 0, "excluded_lines": 0}, "missing_lines": [], "excluded_lines": []}}}, "code/validators/nih_validator.py": {"executed_lines": [1, 7, 8, 10, 12, 13, 16, 17, 27, 28, 29, 35, 42, 43, 49, 51, 61, 62, 63, 64, 67, 68, 69, 70, 72, 75, 76, 78, 81, 82, 84, 87, 88, 89, 91, 92, 95, 96, 98, 101, 102, 104, 107, 112, 113, 114, 117, 118, 122, 131, 133, 134, 135, 136, 138, 142, 144, 145, 146, 147, 148, 152, 154, 155, 156, 157, 158], "summary": {"covered_lines": 65, "num_statements": 71, "percent_covered": 91.54929577464789, "percent_covered_display": "92", "missing_lines": 6, "excluded_lines": 0}, "missing_lines": [139, 140, 149, 150, 159, 160], "excluded_lines": [], "functions": {"NIHRigorValidator.__init__": {"executed_lines": [28, 29], "summary": {"covered_lines": 2, "num_statements": 2, "percent_covered": 100.0, "percent_covered_display": "100", "missing_lines": 0, "excluded_lines": 0}, "missing_lines": [], "excluded_lines": []}, "NIHRigorValidator.can_enter": {"executed_lines": [42, 43, 49], "summary": {"covered_lines": 3, "num_statements": 3, "percent_covered": 100.0, "percent_covered_display": "100", "missing_lines": 0, "excluded_lines": 0}, "missing_lines": [], "excluded_lines": []}, "NIHRigorValidator.can_exit": {"executed_lines": [61, 62, 63, 64, 67, 68, 69, 70, 72, 75, 76, 78, 81, 82, 84, 87, 88, 89, 91, 92, 95, 96, 98, 101, 102, 104, 107, 112, 113, 114, 117, 118, 122], "summary": {"covered_lines": 33, "num_statements": 33, "percent_covered": 100.0, "percent_covered_display": "100", "missing_lines": 0, "excluded_lines": 0}, "missing_lines": [], "excluded_lines": []}, "NIHRigorValidator._check_power_analysis": {"executed_lines": [133, 134, 135, 136, 138], "summary": {"covered_lines": 5, "num_statements": 7, "percent_covered": 71.42857142857143, "percent_covered_display": "71", "missing_lines": 2, "excluded_lines": 0}, "missing_lines": [139, 140], "excluded_lines": []}, "NIHRigorValidator._check_random_seed": {"executed_lines": [144, 145, 146, 147, 148], "summary": {"covered_lines": 5, "num_statements": 7, "percent_covered": 71.42857142857143, "percent_covered_display": "71", "missing_lines": 2, "excluded_lines": 0}, "missing_lines": [149, 150], "excluded_lines": []}, "NIHRigorValidator._check_sabv": {"executed_lines": [154, 155, 156, 157, 158], "summary": {"covered_lines": 5, "num_statements": 7, "percent_covered": 71.42857142857143, "percent_covered_display": "71", "missing_lines": 2, "excluded_lines": 0}, "missing_lines": [159, 160], "excluded_lines": []}, "": {"executed_lines": [1, 7, 8, 10, 12, 13, 16, 17, 27, 35, 51, 131, 142, 152], "summary": {"covered_lines": 12, "num_statements": 12, "percent_covered": 100.0, "percent_covered_display": "100", "missing_lines": 0, "excluded_lines": 0}, "missing_lines": [], "excluded_lines": []}}, "classes": {"NIHRigorValidator": {"executed_lines": [28, 29, 42, 43, 49, 61, 62, 63, 64, 67, 68, 69, 70, 72, 75, 76, 78, 81, 82, 84, 87, 88, 89, 91, 92, 95, 96, 98, 101, 102, 104, 107, 112, 113, 114, 117, 118, 122, 133, 134, 135, 136, 138, 144, 145, 146, 147, 148, 154, 155, 156, 157, 158], "summary": {"covered_lines": 53, "num_statements": 59, "percent_covered": 89.83050847457628, "percent_covered_display": "90", "missing_lines": 6, "excluded_lines": 0}, "missing_lines": [139, 140, 149, 150, 159, 160], "excluded_lines": []}, "": {"executed_lines": [1, 7, 8, 10, 12, 13, 16, 17, 27, 35, 51, 131, 142, 152], "summary": {"covered_lines": 12, "num_statements": 12, "percent_covered": 100.0, "percent_covered_display": "100", "missing_lines": 0, "excluded_lines": 0}, "missing_lines": [], "excluded_lines": []}}}, "code/validators/prisma_validator.py": {"executed_lines": [1, 7, 8, 10, 12, 13, 16, 17, 23, 24, 25, 32, 39, 40, 46, 48, 57, 58, 59, 60, 63, 64, 65, 66, 68, 71, 72, 73, 74, 76, 77, 81, 84, 85, 86, 88, 89, 92, 95, 97, 98, 102, 111, 113, 114, 115, 116, 118], "summary": {"covered_lines": 46, "num_statements": 48, "percent_covered": 95.83333333333333, "percent_covered_display": "96", "missing_lines": 2, "excluded_lines": 0}, "missing_lines": [119, 120], "excluded_lines": [], "functions": {"PRISMAValidator.__init__": {"executed_lines": [24, 25], "summary": {"covered_lines": 2, "num_statements": 2, "percent_covered": 100.0, "percent_covered_display": "100", "missing_lines": 0, "excluded_lines": 0}, "missing_lines": [], "excluded_lines": []}, "PRISMAValidator.can_enter": {"executed_lines": [39, 40, 46], "summary": {"covered_lines": 3, "num_statements": 3, "percent_covered": 100.0, "percent_covered_display": "100", "missing_lines": 0, "excluded_lines": 0}, "missing_lines": [], "excluded_lines": []}, "PRISMAValidator.can_exit": {"executed_lines": [57, 58, 59, 60, 63, 64, 65, 66, 68, 71, 72, 73, 74, 76, 77, 81, 84, 85, 86, 88, 89, 92, 95, 97, 98, 102], "summary": {"covered_lines": 26, "num_statements": 26, "percent_covered": 100.0, "percent_covered_display": "100", "missing_lines": 0, "excluded_lines": 0}, "missing_lines": [], "excluded_lines": []}, "PRISMAValidator._count_studies": {"executed_lines": [113, 114, 115, 116, 118], "summary": {"covered_lines": 5, "num_statements": 7, "percent_covered": 71.42857142857143, "percent_covered_display": "71", "missing_lines": 2, "excluded_lines": 0}, "missing_lines": [119, 120], "excluded_lines": []}, "": {"executed_lines": [1, 7, 8, 10, 12, 13, 16, 17, 23, 32, 48, 111], "summary": {"covered_lines": 10, "num_statements": 10, "percent_covered": 100.0, "percent_covered_display": "100", "missing_lines": 0, "excluded_lines": 0}, "missing_lines": [], "excluded_lines": []}}, "classes": {"PRISMAValidator": {"executed_lines": [24, 25, 39, 40, 46, 57, 58, 59, 60, 63, 64, 65, 66, 68, 71, 72, 73, 74, 76, 77, 81, 84, 85, 86, 88, 89, 92, 95, 97, 98, 102, 113, 114, 115, 116, 118], "summary": {"covered_lines": 36, "num_statements": 38, "percent_covered": 94.73684210526316, "percent_covered_display": "95", "missing_lines": 2, "excluded_lines": 0}, "missing_lines": [119, 120], "excluded_lines": []}, "": {"executed_lines": [1, 7, 8, 10, 12, 13, 16, 17, 23, 32, 48, 111], "summary": {"covered_lines": 10, "num_statements": 10, "percent_covered": 100.0, "percent_covered_display": "100", "missing_lines": 0, "excluded_lines": 0}, "missing_lines": [], "excluded_lines": []}}}, "code/workflow_context.py": {"executed_lines": [1, 8, 9, 10, 11, 12, 13, 14, 17, 18, 19, 20, 23, 24, 25, 26, 27, 28, 29, 30, 31, 32, 33, 34, 35, 38, 39, 40, 41, 42, 43, 44, 45, 46, 47, 50, 51, 52, 53, 54, 55, 56, 57, 58, 60, 62, 65, 66, 67, 70, 71, 72, 75, 76, 77, 80, 81, 82, 85, 88, 91, 93, 95, 97, 99, 105, 106, 108, 110, 115, 116, 117, 122, 128, 129, 130, 131, 132, 135, 137, 147, 149, 150, 151, 152, 154, 156, 157, 158, 159, 161, 163, 164, 166, 168, 195, 197, 198, 201, 202, 205, 206, 207, 208, 209, 212, 213, 214, 215, 218, 220, 222, 224, 227, 229, 230, 232, 233, 235, 236, 237, 240, 242, 243, 245, 247, 248, 250, 251], "summary": {"covered_lines": 123, "num_statements": 124, "percent_covered": 99.19354838709677, "percent_covered_display": "99", "missing_lines": 1, "excluded_lines": 0}, "missing_lines": [225], "excluded_lines": [], "functions": {"ValidationResult.to_dict": {"executed_lines": [62], "summary": {"covered_lines": 1, "num_statements": 1, "percent_covered": 100.0, "percent_covered_display": "100", "missing_lines": 0, "excluded_lines": 0}, "missing_lines": [], "excluded_lines": []}, "WorkflowContext.update_timestamp": {"executed_lines": [95], "summary": {"covered_lines": 1, "num_statements": 1, "percent_covered": 100.0, "percent_covered_display": "100", "missing_lines": 0, "excluded_lines": 0}, "missing_lines": [], "excluded_lines": []}, "WorkflowContext.add_audit_entry": {"executed_lines": [99, 105, 106], "summary": {"covered_lines": 3, "num_statements": 3, "percent_covered": 100.0, "percent_covered_display": "100", "missing_lines": 0, "excluded_lines": 0}, "missing_lines": [], "excluded_lines": []}, "WorkflowContext.start_phase": {"executed_lines": [110, 115, 116, 117], "summary": {"covered_lines": 4, "num_statements": 4, "percent_covered": 100.0, "percent_covered_display": "100", "missing_lines": 0, "excluded_lines": 0}, "missing_lines": [], "excluded_lines": []}, "WorkflowContext.complete_phase": {"executed_lines": [128, 129, 130, 131, 132, 135, 137], "summary": {"covered_lines": 7, "num_statements": 7, "percent_covered": 100.0, "percent_covered_display": "100", "missing_lines": 0, "excluded_lines": 0}, "missing_lines": [], "excluded_lines": []}, "WorkflowContext.get_phase_outputs": {"executed_lines": [149, 150, 151, 152], "summary": {"covered_lines": 4, "num_statements": 4, "percent_covered": 100.0, "percent_covered_display": "100", "missing_lines": 0, "excluded_lines": 0}, "missing_lines": [], "excluded_lines": []}, "WorkflowContext.has_completed_phase": {"executed_lines": [156, 157, 158, 159], "summary": {"covered_lines": 4, "num_statements": 4, "percent_covered": 100.0, "percent_covered_display": "100", "missing_lines": 0, "excluded_lines": 0}, "missing_lines": [], "excluded_lines": []}, "WorkflowContext.get_current_phase_index": {"executed_lines": [163, 164], "summary": {"covered_lines": 2, "num_statements": 2, "percent_covered": 100.0, "percent_covered_display": "100", "missing_lines": 0, "excluded_lines": 0}, "missing_lines": [], "excluded_lines": []}, "WorkflowContext.to_dict": {"executed_lines": [168, 195], "summary": {"covered_lines": 2, "num_statements": 2, "percent_covered": 100.0, "percent_covered_display": "100", "missing_lines": 0, "excluded_lines": 0}, "missing_lines": [], "excluded_lines": []}, "WorkflowContext.from_dict": {"executed_lines": [201, 202, 205, 206, 207, 208, 209, 212, 213, 214, 215, 218, 220], "summary": {"covered_lines": 13, "num_statements": 13, "percent_covered": 100.0, "percent_covered_display": "100", "missing_lines": 0, "excluded_lines": 0}, "missing_lines": [], "excluded_lines": []}, "WorkflowContext.save": {"executed_lines": [224, 227, 229, 230], "summary": {"covered_lines": 4, "num_statements": 5, "percent_covered": 80.0, "percent_covered_display": "80", "missing_lines": 1, "excluded_lines": 0}, "missing_lines": [225], "excluded_lines": []}, "WorkflowContext.load": {"executed_lines": [235, 236, 237], "summary": {"covered_lines": 3, "num_statements": 3, "percent_covered": 100.0, "percent_covered_display": "100", "missing_lines": 0, "excluded_lines": 0}, "missing_lines": [], "excluded_lines": []}, "create_backup": {"executed_lines": [242, 243, 245, 247, 248, 250, 251], "summary": {"covered_lines": 7, "num_statements": 7, "percent_covered": 100.0, "percent_covered_display": "100", "missing_lines": 0, "excluded_lines": 0}, "missing_lines": [], "excluded_lines": []}, "": {"executed_lines": [1, 8, 9, 10, 11, 12, 13, 14, 17, 18, 19, 20, 23, 24, 25, 26, 27, 28, 29, 30, 31, 32, 33, 34, 35, 38, 39, 40, 41, 42, 43, 44, 45, 46, 47, 50, 51, 52, 53, 54, 55, 56, 57, 58, 60, 65, 66, 67, 70, 71, 72, 75, 76, 77, 80, 81, 82, 85, 88, 91, 93, 97, 108, 122, 147, 154, 161, 166, 197, 198, 222, 232, 233, 240], "summary": {"covered_lines": 68, "num_statements": 68, "percent_covered": 100.0, "percent_covered_display": "100", "missing_lines": 0, "excluded_lines": 0}, "missing_lines": [], "excluded_lines": []}}, "classes": {"Mode": {"executed_lines": [], "summary": {"covered_lines": 0, "num_statements": 0, "percent_covered": 100.0, "percent_covered_display": "100", "missing_lines": 0, "excluded_lines": 0}, "missing_lines": [], "excluded_lines": []}, "ResearchPhase": {"executed_lines": [], "summary": {"covered_lines": 0, "num_statements": 0, "percent_covered": 100.0, "percent_covered_display": "100", "missing_lines": 0, "excluded_lines": 0}, "missing_lines": [], "excluded_lines": []}, "PhaseRecord": {"executed_lines": [], "summary": {"covered_lines": 0, "num_statements": 0, "percent_covered": 100.0, "percent_covered_display": "100", "missing_lines": 0, "excluded_lines": 0}, "missing_lines": [], "excluded_lines": []}, "ValidationResult": {"executed_lines": [62], "summary": {"covered_lines": 1, "num_statements": 1, "percent_covered": 100.0, "percent_covered_display": "100", "missing_lines": 0, "excluded_lines": 0}, "missing_lines": [], "excluded_lines": []}, "WorkflowContext": {"executed_lines": [95, 99, 105, 106, 110, 115, 116, 117, 128, 129, 130, 131, 132, 135, 137, 149, 150, 151, 152, 156, 157, 158, 159, 163, 164, 168, 195, 201, 202, 205, 206, 207, 208, 209, 212, 213, 214, 215, 218, 220, 224, 227, 229, 230, 235, 236, 237], "summary": {"covered_lines": 47, "num_statements": 48, "percent_covered": 97.91666666666667, "percent_covered_display": "98", "missing_lines": 1, "excluded_lines": 0}, "missing_lines": [225], "excluded_lines": []}, "": {"executed_lines": [1, 8, 9, 10, 11, 12, 13, 14, 17, 18, 19, 20, 23, 24, 25, 26, 27, 28, 29, 30, 31, 32, 33, 34, 35, 38, 39, 40, 41, 42, 43, 44, 45, 46, 47, 50, 51, 52, 53, 54, 55, 56, 57, 58, 60, 65, 66, 67, 70, 71, 72, 75, 76, 77, 80, 81, 82, 85, 88, 91, 93, 97, 108, 122, 147, 154, 161, 166, 197, 198, 222, 232, 233, 240, 242, 243, 245, 247, 248, 250, 251], "summary": {"covered_lines": 75, "num_statements": 75, "percent_covered": 100.0, "percent_covered_display": "100", "missing_lines": 0, "excluded_lines": 0}, "missing_lines": [], "excluded_lines": []}}}}, "totals": {"covered_lines": 1531, "num_statements": 2087, "percent_covered": 73.35888835649257, "percent_covered_display": "73", "missing_lines": 556, "excluded_lines": 0}}